{"meta": {"format": 3, "version": "7.13.4", "timestamp": "2026-06-24T01:32:45.724808", "branch_coverage": false, "show_contexts": false}, "files": {"apps\\__init__.py": {"executed_lines": [], "summary": {"covered_lines": 0, "num_statements": 0, "percent_covered": 100.0, "percent_covered_display": "100", "missing_lines": 0, "excluded_lines": 0, "percent_statements_covered": 100.0, "percent_statements_covered_display": "100"}, "missing_lines": [], "excluded_lines": [], "functions": {"": {"executed_lines": [], "summary": {"covered_lines": 0, "num_statements": 0, "percent_covered": 100.0, "percent_covered_display": "100", "missing_lines": 0, "excluded_lines": 0, "percent_statements_covered": 100.0, "percent_statements_covered_display": "100"}, "missing_lines": [], "excluded_lines": [], "start_line": 1}}, "classes": {"": {"executed_lines": [], "summary": {"covered_lines": 0, "num_statements": 0, "percent_covered": 100.0, "percent_covered_display": "100", "missing_lines": 0, "excluded_lines": 0, "percent_statements_covered": 100.0, "percent_statements_covered_display": "100"}, "missing_lines": [], "excluded_lines": [], "start_line": 1}}}, "apps\\auth\\__init__.py": {"executed_lines": [], "summary": {"covered_lines": 0, "num_statements": 0, "percent_covered": 100.0, "percent_covered_display": "100", "missing_lines": 0, "excluded_lines": 0, "percent_statements_covered": 100.0, "percent_statements_covered_display": "100"}, "missing_lines": [], "excluded_lines": [], "functions": {"": {"executed_lines": [], "summary": {"covered_lines": 0, "num_statements": 0, "percent_covered": 100.0, "percent_covered_display": "100", "missing_lines": 0, "excluded_lines": 0, "percent_statements_covered": 100.0, "percent_statements_covered_display": "100"}, "missing_lines": [], "excluded_lines": [], "start_line": 1}}, "classes": {"": {"executed_lines": [], "summary": {"covered_lines": 0, "num_statements": 0, "percent_covered": 100.0, "percent_covered_display": "100", "missing_lines": 0, "excluded_lines": 0, "percent_statements_covered": 100.0, "percent_statements_covered_display": "100"}, "missing_lines": [], "excluded_lines": [], "start_line": 1}}}, "apps\\auth\\router.py": {"executed_lines": [1, 2, 4, 5, 6, 7, 9, 18, 19, 20, 21, 22, 23, 24, 26, 29, 30, 31, 34, 35, 45, 46, 49, 50, 60, 61, 70, 71, 74, 75, 84, 85, 88, 89, 98, 99, 102, 103, 114, 115, 117, 130, 131, 132, 133, 134, 135, 136, 139, 140, 169, 170, 223, 224], "summary": {"covered_lines": 54, "num_statements": 83, "percent_covered": 65.06024096385542, "percent_covered_display": "65", "missing_lines": 29, "excluded_lines": 0, "percent_statements_covered": 65.06024096385542, "percent_statements_covered_display": "65"}, "missing_lines": [56, 57, 109, 110, 111, 145, 152, 153, 176, 179, 180, 182, 183, 184, 192, 193, 196, 202, 204, 212, 214, 230, 236, 237, 238, 240, 242, 249, 250], "excluded_lines": [], "functions": {"_get_ip": {"executed_lines": [30, 31], "summary": {"covered_lines": 2, "num_statements": 2, "percent_covered": 100.0, "percent_covered_display": "100", "missing_lines": 0, "excluded_lines": 0, "percent_statements_covered": 100.0, "percent_statements_covered_display": "100"}, "missing_lines": [], "excluded_lines": [], "start_line": 29}, "register_customer": {"executed_lines": [45, 46], "summary": {"covered_lines": 2, "num_statements": 2, "percent_covered": 100.0, "percent_covered_display": "100", "missing_lines": 0, "excluded_lines": 0, "percent_statements_covered": 100.0, "percent_statements_covered_display": "100"}, "missing_lines": [], "excluded_lines": [], "start_line": 35}, "request_otp": {"executed_lines": [], "summary": {"covered_lines": 0, "num_statements": 2, "percent_covered": 0.0, "percent_covered_display": "0", "missing_lines": 2, "excluded_lines": 0, "percent_statements_covered": 0.0, "percent_statements_covered_display": "0"}, "missing_lines": [56, 57], "excluded_lines": [], "start_line": 50}, "verify_otp": {"executed_lines": [70, 71], "summary": {"covered_lines": 2, "num_statements": 2, "percent_covered": 100.0, "percent_covered_display": "100", "missing_lines": 0, "excluded_lines": 0, "percent_statements_covered": 100.0, "percent_statements_covered_display": "100"}, "missing_lines": [], "excluded_lines": [], "start_line": 61}, "staff_login": {"executed_lines": [84, 85], "summary": {"covered_lines": 2, "num_statements": 2, "percent_covered": 100.0, "percent_covered_display": "100", "missing_lines": 0, "excluded_lines": 0, "percent_statements_covered": 100.0, "percent_statements_covered_display": "100"}, "missing_lines": [], "excluded_lines": [], "start_line": 75}, "refresh_token": {"executed_lines": [98, 99], "summary": {"covered_lines": 2, "num_statements": 2, "percent_covered": 100.0, "percent_covered_display": "100", "missing_lines": 0, "excluded_lines": 0, "percent_statements_covered": 100.0, "percent_statements_covered_display": "100"}, "missing_lines": [], "excluded_lines": [], "start_line": 89}, "logout": {"executed_lines": [], "summary": {"covered_lines": 0, "num_statements": 3, "percent_covered": 0.0, "percent_covered_display": "0", "missing_lines": 3, "excluded_lines": 0, "percent_statements_covered": 0.0, "percent_statements_covered_display": "0"}, "missing_lines": [109, 110, 111], "excluded_lines": [], "start_line": 103}, "get_me": {"executed_lines": [117], "summary": {"covered_lines": 1, "num_statements": 1, "percent_covered": 100.0, "percent_covered_display": "100", "missing_lines": 0, "excluded_lines": 0, "percent_statements_covered": 100.0, "percent_statements_covered_display": "100"}, "missing_lines": [], "excluded_lines": [], "start_line": 115}, "list_staff": {"executed_lines": [], "summary": {"covered_lines": 0, "num_statements": 3, "percent_covered": 0.0, "percent_covered_display": "0", "missing_lines": 3, "excluded_lines": 0, "percent_statements_covered": 0.0, "percent_statements_covered_display": "0"}, "missing_lines": [145, 152, 153], "excluded_lines": [], "start_line": 140}, "invite_staff": {"executed_lines": [], "summary": {"covered_lines": 0, "num_statements": 13, "percent_covered": 0.0, "percent_covered_display": "0", "missing_lines": 13, "excluded_lines": 0, "percent_statements_covered": 0.0, "percent_statements_covered_display": "0"}, "missing_lines": [176, 179, 180, 182, 183, 184, 192, 193, 196, 202, 204, 212, 214], "excluded_lines": [], "start_line": 170}, "remove_staff": {"executed_lines": [], "summary": {"covered_lines": 0, "num_statements": 8, "percent_covered": 0.0, "percent_covered_display": "0", "missing_lines": 8, "excluded_lines": 0, "percent_statements_covered": 0.0, "percent_statements_covered_display": "0"}, "missing_lines": [230, 236, 237, 238, 240, 242, 249, 250], "excluded_lines": [], "start_line": 224}, "": {"executed_lines": [1, 2, 4, 5, 6, 7, 9, 18, 19, 20, 21, 22, 23, 24, 26, 29, 34, 35, 49, 50, 60, 61, 74, 75, 88, 89, 102, 103, 114, 115, 130, 131, 132, 133, 134, 135, 136, 139, 140, 169, 170, 223, 224], "summary": {"covered_lines": 43, "num_statements": 43, "percent_covered": 100.0, "percent_covered_display": "100", "missing_lines": 0, "excluded_lines": 0, "percent_statements_covered": 100.0, "percent_statements_covered_display": "100"}, "missing_lines": [], "excluded_lines": [], "start_line": 1}}, "classes": {"InviteStaffRequest": {"executed_lines": [], "summary": {"covered_lines": 0, "num_statements": 0, "percent_covered": 100.0, "percent_covered_display": "100", "missing_lines": 0, "excluded_lines": 0, "percent_statements_covered": 100.0, "percent_statements_covered_display": "100"}, "missing_lines": [], "excluded_lines": [], "start_line": 130}, "": {"executed_lines": [1, 2, 4, 5, 6, 7, 9, 18, 19, 20, 21, 22, 23, 24, 26, 29, 30, 31, 34, 35, 45, 46, 49, 50, 60, 61, 70, 71, 74, 75, 84, 85, 88, 89, 98, 99, 102, 103, 114, 115, 117, 130, 131, 132, 133, 134, 135, 136, 139, 140, 169, 170, 223, 224], "summary": {"covered_lines": 54, "num_statements": 83, "percent_covered": 65.06024096385542, "percent_covered_display": "65", "missing_lines": 29, "excluded_lines": 0, "percent_statements_covered": 65.06024096385542, "percent_statements_covered_display": "65"}, "missing_lines": [56, 57, 109, 110, 111, 145, 152, 153, 176, 179, 180, 182, 183, 184, 192, 193, 196, 202, 204, 212, 214, 230, 236, 237, 238, 240, 242, 249, 250], "excluded_lines": [], "start_line": 1}}}, "apps\\auth\\schemas.py": {"executed_lines": [1, 2, 3, 6, 7, 8, 9, 11, 12, 13, 14, 15, 16, 17, 20, 21, 23, 24, 25, 30, 31, 32, 34, 35, 36, 37, 39, 42, 43, 44, 47, 48, 49, 50, 51, 52, 55, 56, 59, 60, 61, 62, 63, 64, 65, 66, 67, 70, 73, 74, 75, 77, 78, 79, 85, 86, 87, 89], "summary": {"covered_lines": 58, "num_statements": 64, "percent_covered": 90.625, "percent_covered_display": "91", "missing_lines": 6, "excluded_lines": 0, "percent_statements_covered": 90.625, "percent_statements_covered_display": "91"}, "missing_lines": [26, 27, 38, 80, 81, 82], "excluded_lines": [], "functions": {"CustomerRegisterRequest.validate_phone": {"executed_lines": [14, 15, 16, 17], "summary": {"covered_lines": 4, "num_statements": 4, "percent_covered": 100.0, "percent_covered_display": "100", "missing_lines": 0, "excluded_lines": 0, "percent_statements_covered": 100.0, "percent_statements_covered_display": "100"}, "missing_lines": [], "excluded_lines": [], "start_line": 13}, "CustomerLoginRequest.validate_phone": {"executed_lines": [], "summary": {"covered_lines": 0, "num_statements": 2, "percent_covered": 0.0, "percent_covered_display": "0", "missing_lines": 2, "excluded_lines": 0, "percent_statements_covered": 0.0, "percent_statements_covered_display": "0"}, "missing_lines": [26, 27], "excluded_lines": [], "start_line": 25}, "VerifyOTPRequest.validate_code": {"executed_lines": [37, 39], "summary": {"covered_lines": 2, "num_statements": 3, "percent_covered": 66.66666666666667, "percent_covered_display": "67", "missing_lines": 1, "excluded_lines": 0, "percent_statements_covered": 66.66666666666667, "percent_statements_covered_display": "67"}, "missing_lines": [38], "excluded_lines": [], "start_line": 36}, "ChangePasswordRequest.validate_password": {"executed_lines": [], "summary": {"covered_lines": 0, "num_statements": 3, "percent_covered": 0.0, "percent_covered_display": "0", "missing_lines": 3, "excluded_lines": 0, "percent_statements_covered": 0.0, "percent_statements_covered_display": "0"}, "missing_lines": [80, 81, 82], "excluded_lines": [], "start_line": 79}, "": {"executed_lines": [1, 2, 3, 6, 7, 8, 9, 11, 12, 13, 20, 21, 23, 24, 25, 30, 31, 32, 34, 35, 36, 42, 43, 44, 47, 48, 49, 50, 51, 52, 55, 56, 59, 60, 61, 62, 63, 64, 65, 66, 67, 70, 73, 74, 75, 77, 78, 79, 85, 86, 87, 89], "summary": {"covered_lines": 52, "num_statements": 52, "percent_covered": 100.0, "percent_covered_display": "100", "missing_lines": 0, "excluded_lines": 0, "percent_statements_covered": 100.0, "percent_statements_covered_display": "100"}, "missing_lines": [], "excluded_lines": [], "start_line": 1}}, "classes": {"CustomerRegisterRequest": {"executed_lines": [14, 15, 16, 17], "summary": {"covered_lines": 4, "num_statements": 4, "percent_covered": 100.0, "percent_covered_display": "100", "missing_lines": 0, "excluded_lines": 0, "percent_statements_covered": 100.0, "percent_statements_covered_display": "100"}, "missing_lines": [], "excluded_lines": [], "start_line": 6}, "CustomerLoginRequest": {"executed_lines": [], "summary": {"covered_lines": 0, "num_statements": 2, "percent_covered": 0.0, "percent_covered_display": "0", "missing_lines": 2, "excluded_lines": 0, "percent_statements_covered": 0.0, "percent_statements_covered_display": "0"}, "missing_lines": [26, 27], "excluded_lines": [], "start_line": 20}, "VerifyOTPRequest": {"executed_lines": [37, 39], "summary": {"covered_lines": 2, "num_statements": 3, "percent_covered": 66.66666666666667, "percent_covered_display": "67", "missing_lines": 1, "excluded_lines": 0, "percent_statements_covered": 66.66666666666667, "percent_statements_covered_display": "67"}, "missing_lines": [38], "excluded_lines": [], "start_line": 30}, "StaffLoginRequest": {"executed_lines": [], "summary": {"covered_lines": 0, "num_statements": 0, "percent_covered": 100.0, "percent_covered_display": "100", "missing_lines": 0, "excluded_lines": 0, "percent_statements_covered": 100.0, "percent_statements_covered_display": "100"}, "missing_lines": [], "excluded_lines": [], "start_line": 42}, "TokenResponse": {"executed_lines": [], "summary": {"covered_lines": 0, "num_statements": 0, "percent_covered": 100.0, "percent_covered_display": "100", "missing_lines": 0, "excluded_lines": 0, "percent_statements_covered": 100.0, "percent_statements_covered_display": "100"}, "missing_lines": [], "excluded_lines": [], "start_line": 47}, "RefreshTokenRequest": {"executed_lines": [], "summary": {"covered_lines": 0, "num_statements": 0, "percent_covered": 100.0, "percent_covered_display": "100", "missing_lines": 0, "excluded_lines": 0, "percent_statements_covered": 100.0, "percent_statements_covered_display": "100"}, "missing_lines": [], "excluded_lines": [], "start_line": 55}, "UserInfo": {"executed_lines": [], "summary": {"covered_lines": 0, "num_statements": 0, "percent_covered": 100.0, "percent_covered_display": "100", "missing_lines": 0, "excluded_lines": 0, "percent_statements_covered": 100.0, "percent_statements_covered_display": "100"}, "missing_lines": [], "excluded_lines": [], "start_line": 59}, "ChangePasswordRequest": {"executed_lines": [], "summary": {"covered_lines": 0, "num_statements": 3, "percent_covered": 0.0, "percent_covered_display": "0", "missing_lines": 3, "excluded_lines": 0, "percent_statements_covered": 0.0, "percent_statements_covered_display": "0"}, "missing_lines": [80, 81, 82], "excluded_lines": [], "start_line": 73}, "OTPSentResponse": {"executed_lines": [], "summary": {"covered_lines": 0, "num_statements": 0, "percent_covered": 100.0, "percent_covered_display": "100", "missing_lines": 0, "excluded_lines": 0, "percent_statements_covered": 100.0, "percent_statements_covered_display": "100"}, "missing_lines": [], "excluded_lines": [], "start_line": 85}, "": {"executed_lines": [1, 2, 3, 6, 7, 8, 9, 11, 12, 13, 20, 21, 23, 24, 25, 30, 31, 32, 34, 35, 36, 42, 43, 44, 47, 48, 49, 50, 51, 52, 55, 56, 59, 60, 61, 62, 63, 64, 65, 66, 67, 70, 73, 74, 75, 77, 78, 79, 85, 86, 87, 89], "summary": {"covered_lines": 52, "num_statements": 52, "percent_covered": 100.0, "percent_covered_display": "100", "missing_lines": 0, "excluded_lines": 0, "percent_statements_covered": 100.0, "percent_statements_covered_display": "100"}, "missing_lines": [], "excluded_lines": [], "start_line": 1}}}, "apps\\auth\\service.py": {"executed_lines": [8, 9, 10, 12, 13, 15, 24, 25, 26, 27, 35, 47, 48, 49, 55, 60, 86, 99, 102, 134, 138, 180, 184, 216, 220, 222, 256, 273, 276, 321, 324, 327, 328, 329, 330, 335, 337, 339, 340, 341, 352, 360, 368], "summary": {"covered_lines": 43, "num_statements": 122, "percent_covered": 35.24590163934426, "percent_covered_display": "35", "missing_lines": 79, "excluded_lines": 0, "percent_statements_covered": 35.24590163934426, "percent_statements_covered_display": "35"}, "missing_lines": [63, 65, 66, 73, 74, 77, 82, 84, 90, 93, 94, 95, 97, 108, 109, 115, 118, 120, 127, 128, 149, 151, 152, 154, 155, 156, 159, 162, 163, 164, 165, 167, 174, 187, 189, 190, 192, 193, 199, 201, 203, 210, 231, 233, 234, 236, 237, 239, 240, 243, 245, 246, 248, 254, 258, 259, 267, 282, 283, 285, 293, 294, 296, 301, 303, 314, 325, 331, 332, 333, 334, 343, 344, 345, 346, 347, 348, 349, 350], "excluded_lines": [], "functions": {"AuthService.__init__": {"executed_lines": [49], "summary": {"covered_lines": 1, "num_statements": 1, "percent_covered": 100.0, "percent_covered_display": "100", "missing_lines": 0, "excluded_lines": 0, "percent_statements_covered": 100.0, "percent_statements_covered_display": "100"}, "missing_lines": [], "excluded_lines": [], "start_line": 48}, "AuthService.register_customer": {"executed_lines": [60], "summary": {"covered_lines": 1, "num_statements": 9, "percent_covered": 11.11111111111111, "percent_covered_display": "11", "missing_lines": 8, "excluded_lines": 0, "percent_statements_covered": 11.11111111111111, "percent_statements_covered_display": "11"}, "missing_lines": [63, 65, 66, 73, 74, 77, 82, 84], "excluded_lines": [], "start_line": 55}, "AuthService.request_otp": {"executed_lines": [], "summary": {"covered_lines": 0, "num_statements": 5, "percent_covered": 0.0, "percent_covered_display": "0", "missing_lines": 5, "excluded_lines": 0, "percent_statements_covered": 0.0, "percent_statements_covered_display": "0"}, "missing_lines": [90, 93, 94, 95, 97], "excluded_lines": [], "start_line": 86}, "AuthService._send_otp": {"executed_lines": [102], "summary": {"covered_lines": 1, "num_statements": 8, "percent_covered": 12.5, "percent_covered_display": "12", "missing_lines": 7, "excluded_lines": 0, "percent_statements_covered": 12.5, "percent_statements_covered_display": "12"}, "missing_lines": [108, 109, 115, 118, 120, 127, 128], "excluded_lines": [], "start_line": 99}, "AuthService.verify_otp": {"executed_lines": [138], "summary": {"covered_lines": 1, "num_statements": 14, "percent_covered": 7.142857142857143, "percent_covered_display": "7", "missing_lines": 13, "excluded_lines": 0, "percent_statements_covered": 7.142857142857143, "percent_statements_covered_display": "7"}, "missing_lines": [149, 151, 152, 154, 155, 156, 159, 162, 163, 164, 165, 167, 174], "excluded_lines": [], "start_line": 134}, "AuthService.staff_login": {"executed_lines": [184], "summary": {"covered_lines": 1, "num_statements": 10, "percent_covered": 10.0, "percent_covered_display": "10", "missing_lines": 9, "excluded_lines": 0, "percent_statements_covered": 10.0, "percent_statements_covered_display": "10"}, "missing_lines": [187, 189, 190, 192, 193, 199, 201, 203, 210], "excluded_lines": [], "start_line": 180}, "AuthService.refresh_access_token": {"executed_lines": [220, 222], "summary": {"covered_lines": 2, "num_statements": 14, "percent_covered": 14.285714285714286, "percent_covered_display": "14", "missing_lines": 12, "excluded_lines": 0, "percent_statements_covered": 14.285714285714286, "percent_statements_covered_display": "14"}, "missing_lines": [231, 233, 234, 236, 237, 239, 240, 243, 245, 246, 248, 254], "excluded_lines": [], "start_line": 216}, "AuthService.logout": {"executed_lines": [], "summary": {"covered_lines": 0, "num_statements": 3, "percent_covered": 0.0, "percent_covered_display": "0", "missing_lines": 3, "excluded_lines": 0, "percent_statements_covered": 0.0, "percent_statements_covered_display": "0"}, "missing_lines": [258, 259, 267], "excluded_lines": [], "start_line": 256}, "AuthService._create_token_response": {"executed_lines": [276], "summary": {"covered_lines": 1, "num_statements": 10, "percent_covered": 10.0, "percent_covered_display": "10", "missing_lines": 9, "excluded_lines": 0, "percent_statements_covered": 10.0, "percent_statements_covered_display": "10"}, "missing_lines": [282, 283, 285, 293, 294, 296, 301, 303, 314], "excluded_lines": [], "start_line": 273}, "AuthService._select_primary_role": {"executed_lines": [324, 327, 328, 329, 330, 335], "summary": {"covered_lines": 6, "num_statements": 11, "percent_covered": 54.54545454545455, "percent_covered_display": "55", "missing_lines": 5, "excluded_lines": 0, "percent_statements_covered": 54.54545454545455, "percent_statements_covered_display": "55"}, "missing_lines": [325, 331, 332, 333, 334], "excluded_lines": [], "start_line": 321}, "AuthService._dispatch_sms": {"executed_lines": [339, 340, 341], "summary": {"covered_lines": 3, "num_statements": 11, "percent_covered": 27.272727272727273, "percent_covered_display": "27", "missing_lines": 8, "excluded_lines": 0, "percent_statements_covered": 27.272727272727273, "percent_statements_covered_display": "27"}, "missing_lines": [343, 344, 345, 346, 347, 348, 349, 350], "excluded_lines": [], "start_line": 337}, "AuthService._log": {"executed_lines": [360, 368], "summary": {"covered_lines": 2, "num_statements": 2, "percent_covered": 100.0, "percent_covered_display": "100", "missing_lines": 0, "excluded_lines": 0, "percent_statements_covered": 100.0, "percent_statements_covered_display": "100"}, "missing_lines": [], "excluded_lines": [], "start_line": 352}, "": {"executed_lines": [8, 9, 10, 12, 13, 15, 24, 25, 26, 27, 35, 47, 48, 55, 86, 99, 134, 180, 216, 256, 273, 321, 337, 352], "summary": {"covered_lines": 24, "num_statements": 24, "percent_covered": 100.0, "percent_covered_display": "100", "missing_lines": 0, "excluded_lines": 0, "percent_statements_covered": 100.0, "percent_statements_covered_display": "100"}, "missing_lines": [], "excluded_lines": [], "start_line": 1}}, "classes": {"AuthService": {"executed_lines": [49, 60, 102, 138, 184, 220, 222, 276, 324, 327, 328, 329, 330, 335, 339, 340, 341, 360, 368], "summary": {"covered_lines": 19, "num_statements": 98, "percent_covered": 19.387755102040817, "percent_covered_display": "19", "missing_lines": 79, "excluded_lines": 0, "percent_statements_covered": 19.387755102040817, "percent_statements_covered_display": "19"}, "missing_lines": [63, 65, 66, 73, 74, 77, 82, 84, 90, 93, 94, 95, 97, 108, 109, 115, 118, 120, 127, 128, 149, 151, 152, 154, 155, 156, 159, 162, 163, 164, 165, 167, 174, 187, 189, 190, 192, 193, 199, 201, 203, 210, 231, 233, 234, 236, 237, 239, 240, 243, 245, 246, 248, 254, 258, 259, 267, 282, 283, 285, 293, 294, 296, 301, 303, 314, 325, 331, 332, 333, 334, 343, 344, 345, 346, 347, 348, 349, 350], "excluded_lines": [], "start_line": 47}, "": {"executed_lines": [8, 9, 10, 12, 13, 15, 24, 25, 26, 27, 35, 47, 48, 55, 86, 99, 134, 180, 216, 256, 273, 321, 337, 352], "summary": {"covered_lines": 24, "num_statements": 24, "percent_covered": 100.0, "percent_covered_display": "100", "missing_lines": 0, "excluded_lines": 0, "percent_statements_covered": 100.0, "percent_statements_covered_display": "100"}, "missing_lines": [], "excluded_lines": [], "start_line": 1}}}, "apps\\catalog\\__init__.py": {"executed_lines": [], "summary": {"covered_lines": 0, "num_statements": 0, "percent_covered": 100.0, "percent_covered_display": "100", "missing_lines": 0, "excluded_lines": 0, "percent_statements_covered": 100.0, "percent_statements_covered_display": "100"}, "missing_lines": [], "excluded_lines": [], "functions": {"": {"executed_lines": [], "summary": {"covered_lines": 0, "num_statements": 0, "percent_covered": 100.0, "percent_covered_display": "100", "missing_lines": 0, "excluded_lines": 0, "percent_statements_covered": 100.0, "percent_statements_covered_display": "100"}, "missing_lines": [], "excluded_lines": [], "start_line": 1}}, "classes": {"": {"executed_lines": [], "summary": {"covered_lines": 0, "num_statements": 0, "percent_covered": 100.0, "percent_covered_display": "100", "missing_lines": 0, "excluded_lines": 0, "percent_statements_covered": 100.0, "percent_statements_covered_display": "100"}, "missing_lines": [], "excluded_lines": [], "start_line": 1}}}, "apps\\catalog\\models.py": {"executed_lines": [6, 7, 8, 10, 14, 15, 17, 19, 22, 23, 24, 28, 31, 35, 39, 43, 44, 45, 46, 47, 50, 51, 52, 53, 54, 57, 58, 59, 65, 68, 72, 76, 80, 81, 82, 83, 84, 86, 87, 88, 89, 90, 92, 93, 94, 95, 96, 102, 103, 104, 105, 107, 108, 110, 112, 116, 117, 119, 122, 125, 129, 132, 140, 141, 142, 143, 144, 147, 151, 152, 155, 156, 157, 161, 164, 168, 172, 175, 179, 180, 181, 185, 186, 189, 190, 191, 195, 198, 202, 206, 210, 211, 214, 215, 216, 220, 223, 227, 231, 235, 236, 240, 243, 244, 245, 246, 247, 248, 250, 255, 256, 257, 261, 264, 268, 269, 270, 271, 272, 276, 279, 280, 281, 285, 288, 292, 296, 300, 301, 302, 303, 304, 305, 306, 309, 310, 311], "summary": {"covered_lines": 137, "num_statements": 138, "percent_covered": 99.27536231884058, "percent_covered_display": "99", "missing_lines": 1, "excluded_lines": 0, "percent_statements_covered": 99.27536231884058, "percent_statements_covered_display": "99"}, "missing_lines": [113], "excluded_lines": [], "functions": {"Product.stock_available": {"executed_lines": [110], "summary": {"covered_lines": 1, "num_statements": 1, "percent_covered": 100.0, "percent_covered_display": "100", "missing_lines": 0, "excluded_lines": 0, "percent_statements_covered": 100.0, "percent_statements_covered_display": "100"}, "missing_lines": [], "excluded_lines": [], "start_line": 108}, "Product.__repr__": {"executed_lines": [], "summary": {"covered_lines": 0, "num_statements": 1, "percent_covered": 0.0, "percent_covered_display": "0", "missing_lines": 1, "excluded_lines": 0, "percent_statements_covered": 0.0, "percent_statements_covered_display": "0"}, "missing_lines": [113], "excluded_lines": [], "start_line": 112}, "": {"executed_lines": [6, 7, 8, 10, 14, 15, 17, 19, 22, 23, 24, 28, 31, 35, 39, 43, 44, 45, 46, 47, 50, 51, 52, 53, 54, 57, 58, 59, 65, 68, 72, 76, 80, 81, 82, 83, 84, 86, 87, 88, 89, 90, 92, 93, 94, 95, 96, 102, 103, 104, 105, 107, 108, 112, 116, 117, 119, 122, 125, 129, 132, 140, 141, 142, 143, 144, 147, 151, 152, 155, 156, 157, 161, 164, 168, 172, 175, 179, 180, 181, 185, 186, 189, 190, 191, 195, 198, 202, 206, 210, 211, 214, 215, 216, 220, 223, 227, 231, 235, 236, 240, 243, 244, 245, 246, 247, 248, 250, 255, 256, 257, 261, 264, 268, 269, 270, 271, 272, 276, 279, 280, 281, 285, 288, 292, 296, 300, 301, 302, 303, 304, 305, 306, 309, 310, 311], "summary": {"covered_lines": 136, "num_statements": 136, "percent_covered": 100.0, "percent_covered_display": "100", "missing_lines": 0, "excluded_lines": 0, "percent_statements_covered": 100.0, "percent_statements_covered_display": "100"}, "missing_lines": [], "excluded_lines": [], "start_line": 1}}, "classes": {"Category": {"executed_lines": [], "summary": {"covered_lines": 0, "num_statements": 0, "percent_covered": 100.0, "percent_covered_display": "100", "missing_lines": 0, "excluded_lines": 0, "percent_statements_covered": 100.0, "percent_statements_covered_display": "100"}, "missing_lines": [], "excluded_lines": [], "start_line": 22}, "Product": {"executed_lines": [110], "summary": {"covered_lines": 1, "num_statements": 2, "percent_covered": 50.0, "percent_covered_display": "50", "missing_lines": 1, "excluded_lines": 0, "percent_statements_covered": 50.0, "percent_statements_covered_display": "50"}, "missing_lines": [113], "excluded_lines": [], "start_line": 57}, "StockMovement": {"executed_lines": [], "summary": {"covered_lines": 0, "num_statements": 0, "percent_covered": 100.0, "percent_covered_display": "100", "missing_lines": 0, "excluded_lines": 0, "percent_statements_covered": 100.0, "percent_statements_covered_display": "100"}, "missing_lines": [], "excluded_lines": [], "start_line": 116}, "ProductHistory": {"executed_lines": [], "summary": {"covered_lines": 0, "num_statements": 0, "percent_covered": 100.0, "percent_covered_display": "100", "missing_lines": 0, "excluded_lines": 0, "percent_statements_covered": 100.0, "percent_statements_covered_display": "100"}, "missing_lines": [], "excluded_lines": [], "start_line": 155}, "CatalogSource": {"executed_lines": [], "summary": {"covered_lines": 0, "num_statements": 0, "percent_covered": 100.0, "percent_covered_display": "100", "missing_lines": 0, "excluded_lines": 0, "percent_statements_covered": 100.0, "percent_statements_covered_display": "100"}, "missing_lines": [], "excluded_lines": [], "start_line": 189}, "CatalogImportJob": {"executed_lines": [], "summary": {"covered_lines": 0, "num_statements": 0, "percent_covered": 100.0, "percent_covered_display": "100", "missing_lines": 0, "excluded_lines": 0, "percent_statements_covered": 100.0, "percent_statements_covered_display": "100"}, "missing_lines": [], "excluded_lines": [], "start_line": 214}, "CatalogImportError": {"executed_lines": [], "summary": {"covered_lines": 0, "num_statements": 0, "percent_covered": 100.0, "percent_covered_display": "100", "missing_lines": 0, "excluded_lines": 0, "percent_statements_covered": 100.0, "percent_statements_covered_display": "100"}, "missing_lines": [], "excluded_lines": [], "start_line": 255}, "ProductSyncJob": {"executed_lines": [], "summary": {"covered_lines": 0, "num_statements": 0, "percent_covered": 100.0, "percent_covered_display": "100", "missing_lines": 0, "excluded_lines": 0, "percent_statements_covered": 100.0, "percent_statements_covered_display": "100"}, "missing_lines": [], "excluded_lines": [], "start_line": 279}, "": {"executed_lines": [6, 7, 8, 10, 14, 15, 17, 19, 22, 23, 24, 28, 31, 35, 39, 43, 44, 45, 46, 47, 50, 51, 52, 53, 54, 57, 58, 59, 65, 68, 72, 76, 80, 81, 82, 83, 84, 86, 87, 88, 89, 90, 92, 93, 94, 95, 96, 102, 103, 104, 105, 107, 108, 112, 116, 117, 119, 122, 125, 129, 132, 140, 141, 142, 143, 144, 147, 151, 152, 155, 156, 157, 161, 164, 168, 172, 175, 179, 180, 181, 185, 186, 189, 190, 191, 195, 198, 202, 206, 210, 211, 214, 215, 216, 220, 223, 227, 231, 235, 236, 240, 243, 244, 245, 246, 247, 248, 250, 255, 256, 257, 261, 264, 268, 269, 270, 271, 272, 276, 279, 280, 281, 285, 288, 292, 296, 300, 301, 302, 303, 304, 305, 306, 309, 310, 311], "summary": {"covered_lines": 136, "num_statements": 136, "percent_covered": 100.0, "percent_covered_display": "100", "missing_lines": 0, "excluded_lines": 0, "percent_statements_covered": 100.0, "percent_statements_covered_display": "100"}, "missing_lines": [], "excluded_lines": [], "start_line": 1}}}, "apps\\catalog\\router.py": {"executed_lines": [1, 2, 4, 5, 6, 7, 9, 10, 11, 12, 13, 14, 15, 16, 19, 20, 21, 22, 23, 24, 25, 26, 27, 28, 29, 30, 31, 34, 35, 36, 37, 38, 39, 42, 43, 44, 47, 50, 51, 71, 72, 127, 128, 134, 135, 148, 149, 174, 175, 212, 213, 248, 249, 268, 269, 332, 333, 363, 364, 365, 372, 373, 391, 392, 420, 421], "summary": {"covered_lines": 66, "num_statements": 145, "percent_covered": 45.51724137931034, "percent_covered_display": "46", "missing_lines": 79, "excluded_lines": 0, "percent_statements_covered": 45.51724137931034, "percent_statements_covered_display": "46"}, "missing_lines": [56, 64, 65, 81, 87, 88, 90, 91, 98, 99, 100, 103, 105, 136, 137, 138, 139, 141, 142, 144, 145, 155, 160, 161, 170, 171, 182, 189, 190, 191, 193, 194, 195, 196, 198, 209, 220, 226, 227, 228, 230, 231, 233, 245, 254, 259, 260, 279, 283, 284, 287, 288, 289, 290, 291, 292, 299, 300, 301, 304, 306, 339, 345, 346, 347, 349, 350, 360, 380, 397, 402, 403, 427, 433, 434, 435, 437, 442, 443], "excluded_lines": [], "functions": {"get_categories": {"executed_lines": [], "summary": {"covered_lines": 0, "num_statements": 3, "percent_covered": 0.0, "percent_covered_display": "0", "missing_lines": 3, "excluded_lines": 0, "percent_statements_covered": 0.0, "percent_statements_covered_display": "0"}, "missing_lines": [56, 64, 65], "excluded_lines": [], "start_line": 51}, "get_products": {"executed_lines": [], "summary": {"covered_lines": 0, "num_statements": 10, "percent_covered": 0.0, "percent_covered_display": "0", "missing_lines": 10, "excluded_lines": 0, "percent_statements_covered": 0.0, "percent_statements_covered_display": "0"}, "missing_lines": [81, 87, 88, 90, 91, 98, 99, 100, 103, 105], "excluded_lines": [], "start_line": 72}, "find_by_barcode": {"executed_lines": [134, 135], "summary": {"covered_lines": 2, "num_statements": 10, "percent_covered": 20.0, "percent_covered_display": "20", "missing_lines": 8, "excluded_lines": 0, "percent_statements_covered": 20.0, "percent_statements_covered_display": "20"}, "missing_lines": [136, 137, 138, 139, 141, 142, 144, 145], "excluded_lines": [], "start_line": 128}, "create_product": {"executed_lines": [], "summary": {"covered_lines": 0, "num_statements": 5, "percent_covered": 0.0, "percent_covered_display": "0", "missing_lines": 5, "excluded_lines": 0, "percent_statements_covered": 0.0, "percent_statements_covered_display": "0"}, "missing_lines": [155, 160, 161, 170, 171], "excluded_lines": [], "start_line": 149}, "update_product": {"executed_lines": [], "summary": {"covered_lines": 0, "num_statements": 10, "percent_covered": 0.0, "percent_covered_display": "0", "missing_lines": 10, "excluded_lines": 0, "percent_statements_covered": 0.0, "percent_statements_covered_display": "0"}, "missing_lines": [182, 189, 190, 191, 193, 194, 195, 196, 198, 209], "excluded_lines": [], "start_line": 175}, "adjust_stock": {"executed_lines": [], "summary": {"covered_lines": 0, "num_statements": 8, "percent_covered": 0.0, "percent_covered_display": "0", "missing_lines": 8, "excluded_lines": 0, "percent_statements_covered": 0.0, "percent_statements_covered_display": "0"}, "missing_lines": [220, 226, 227, 228, 230, 231, 233, 245], "excluded_lines": [], "start_line": 213}, "get_merchant_categories": {"executed_lines": [], "summary": {"covered_lines": 0, "num_statements": 3, "percent_covered": 0.0, "percent_covered_display": "0", "missing_lines": 3, "excluded_lines": 0, "percent_statements_covered": 0.0, "percent_statements_covered_display": "0"}, "missing_lines": [254, 259, 260], "excluded_lines": [], "start_line": 249}, "get_merchant_products": {"executed_lines": [], "summary": {"covered_lines": 0, "num_statements": 14, "percent_covered": 0.0, "percent_covered_display": "0", "missing_lines": 14, "excluded_lines": 0, "percent_statements_covered": 0.0, "percent_statements_covered_display": "0"}, "missing_lines": [279, 283, 284, 287, 288, 289, 290, 291, 292, 299, 300, 301, 304, 306], "excluded_lines": [], "start_line": 269}, "delete_product": {"executed_lines": [], "summary": {"covered_lines": 0, "num_statements": 7, "percent_covered": 0.0, "percent_covered_display": "0", "missing_lines": 7, "excluded_lines": 0, "percent_statements_covered": 0.0, "percent_statements_covered_display": "0"}, "missing_lines": [339, 345, 346, 347, 349, 350, 360], "excluded_lines": [], "start_line": 333}, "import_products_csv": {"executed_lines": [372, 373], "summary": {"covered_lines": 2, "num_statements": 3, "percent_covered": 66.66666666666667, "percent_covered_display": "67", "missing_lines": 1, "excluded_lines": 0, "percent_statements_covered": 66.66666666666667, "percent_statements_covered_display": "67"}, "missing_lines": [380], "excluded_lines": [], "start_line": 365}, "list_import_jobs": {"executed_lines": [], "summary": {"covered_lines": 0, "num_statements": 3, "percent_covered": 0.0, "percent_covered_display": "0", "missing_lines": 3, "excluded_lines": 0, "percent_statements_covered": 0.0, "percent_statements_covered_display": "0"}, "missing_lines": [397, 402, 403], "excluded_lines": [], "start_line": 392}, "get_import_job_errors": {"executed_lines": [], "summary": {"covered_lines": 0, "num_statements": 7, "percent_covered": 0.0, "percent_covered_display": "0", "missing_lines": 7, "excluded_lines": 0, "percent_statements_covered": 0.0, "percent_statements_covered_display": "0"}, "missing_lines": [427, 433, 434, 435, 437, 442, 443], "excluded_lines": [], "start_line": 421}, "": {"executed_lines": [1, 2, 4, 5, 6, 7, 9, 10, 11, 12, 13, 14, 15, 16, 19, 20, 21, 22, 23, 24, 25, 26, 27, 28, 29, 30, 31, 34, 35, 36, 37, 38, 39, 42, 43, 44, 47, 50, 51, 71, 72, 127, 128, 148, 149, 174, 175, 212, 213, 248, 249, 268, 269, 332, 333, 363, 364, 365, 391, 392, 420, 421], "summary": {"covered_lines": 62, "num_statements": 62, "percent_covered": 100.0, "percent_covered_display": "100", "missing_lines": 0, "excluded_lines": 0, "percent_statements_covered": 100.0, "percent_statements_covered_display": "100"}, "missing_lines": [], "excluded_lines": [], "start_line": 1}}, "classes": {"ProductCreate": {"executed_lines": [], "summary": {"covered_lines": 0, "num_statements": 0, "percent_covered": 100.0, "percent_covered_display": "100", "missing_lines": 0, "excluded_lines": 0, "percent_statements_covered": 100.0, "percent_statements_covered_display": "100"}, "missing_lines": [], "excluded_lines": [], "start_line": 19}, "ProductUpdate": {"executed_lines": [], "summary": {"covered_lines": 0, "num_statements": 0, "percent_covered": 100.0, "percent_covered_display": "100", "missing_lines": 0, "excluded_lines": 0, "percent_statements_covered": 100.0, "percent_statements_covered_display": "100"}, "missing_lines": [], "excluded_lines": [], "start_line": 34}, "StockAdjustRequest": {"executed_lines": [], "summary": {"covered_lines": 0, "num_statements": 0, "percent_covered": 100.0, "percent_covered_display": "100", "missing_lines": 0, "excluded_lines": 0, "percent_statements_covered": 100.0, "percent_statements_covered_display": "100"}, "missing_lines": [], "excluded_lines": [], "start_line": 42}, "": {"executed_lines": [1, 2, 4, 5, 6, 7, 9, 10, 11, 12, 13, 14, 15, 16, 19, 20, 21, 22, 23, 24, 25, 26, 27, 28, 29, 30, 31, 34, 35, 36, 37, 38, 39, 42, 43, 44, 47, 50, 51, 71, 72, 127, 128, 134, 135, 148, 149, 174, 175, 212, 213, 248, 249, 268, 269, 332, 333, 363, 364, 365, 372, 373, 391, 392, 420, 421], "summary": {"covered_lines": 66, "num_statements": 145, "percent_covered": 45.51724137931034, "percent_covered_display": "46", "missing_lines": 79, "excluded_lines": 0, "percent_statements_covered": 45.51724137931034, "percent_statements_covered_display": "46"}, "missing_lines": [56, 64, 65, 81, 87, 88, 90, 91, 98, 99, 100, 103, 105, 136, 137, 138, 139, 141, 142, 144, 145, 155, 160, 161, 170, 171, 182, 189, 190, 191, 193, 194, 195, 196, 198, 209, 220, 226, 227, 228, 230, 231, 233, 245, 254, 259, 260, 279, 283, 284, 287, 288, 289, 290, 291, 292, 299, 300, 301, 304, 306, 339, 345, 346, 347, 349, 350, 360, 380, 397, 402, 403, 427, 433, 434, 435, 437, 442, 443], "excluded_lines": [], "start_line": 1}}}, "apps\\catalog\\schemas.py": {"executed_lines": [], "summary": {"covered_lines": 0, "num_statements": 64, "percent_covered": 0.0, "percent_covered_display": "0", "missing_lines": 64, "excluded_lines": 0, "percent_statements_covered": 0.0, "percent_statements_covered_display": "0"}, "missing_lines": [1, 2, 3, 6, 7, 8, 9, 10, 13, 14, 15, 16, 17, 18, 20, 21, 24, 25, 26, 27, 28, 29, 30, 31, 32, 33, 34, 35, 36, 38, 39, 40, 41, 42, 43, 46, 47, 48, 49, 50, 51, 52, 53, 54, 57, 58, 59, 60, 61, 62, 63, 64, 65, 66, 67, 68, 69, 70, 72, 73, 76, 77, 78, 79], "excluded_lines": [], "functions": {"ProductCreate.price_positive": {"executed_lines": [], "summary": {"covered_lines": 0, "num_statements": 3, "percent_covered": 0.0, "percent_covered_display": "0", "missing_lines": 3, "excluded_lines": 0, "percent_statements_covered": 0.0, "percent_statements_covered_display": "0"}, "missing_lines": [41, 42, 43], "excluded_lines": [], "start_line": 40}, "": {"executed_lines": [], "summary": {"covered_lines": 0, "num_statements": 61, "percent_covered": 0.0, "percent_covered_display": "0", "missing_lines": 61, "excluded_lines": 0, "percent_statements_covered": 0.0, "percent_statements_covered_display": "0"}, "missing_lines": [1, 2, 3, 6, 7, 8, 9, 10, 13, 14, 15, 16, 17, 18, 20, 21, 24, 25, 26, 27, 28, 29, 30, 31, 32, 33, 34, 35, 36, 38, 39, 40, 46, 47, 48, 49, 50, 51, 52, 53, 54, 57, 58, 59, 60, 61, 62, 63, 64, 65, 66, 67, 68, 69, 70, 72, 73, 76, 77, 78, 79], "excluded_lines": [], "start_line": 1}}, "classes": {"CategoryCreate": {"executed_lines": [], "summary": {"covered_lines": 0, "num_statements": 0, "percent_covered": 100.0, "percent_covered_display": "100", "missing_lines": 0, "excluded_lines": 0, "percent_statements_covered": 100.0, "percent_statements_covered_display": "100"}, "missing_lines": [], "excluded_lines": [], "start_line": 6}, "CategoryResponse": {"executed_lines": [], "summary": {"covered_lines": 0, "num_statements": 0, "percent_covered": 100.0, "percent_covered_display": "100", "missing_lines": 0, "excluded_lines": 0, "percent_statements_covered": 100.0, "percent_statements_covered_display": "100"}, "missing_lines": [], "excluded_lines": [], "start_line": 13}, "CategoryResponse.Config": {"executed_lines": [], "summary": {"covered_lines": 0, "num_statements": 0, "percent_covered": 100.0, "percent_covered_display": "100", "missing_lines": 0, "excluded_lines": 0, "percent_statements_covered": 100.0, "percent_statements_covered_display": "100"}, "missing_lines": [], "excluded_lines": [], "start_line": 20}, "ProductCreate": {"executed_lines": [], "summary": {"covered_lines": 0, "num_statements": 3, "percent_covered": 0.0, "percent_covered_display": "0", "missing_lines": 3, "excluded_lines": 0, "percent_statements_covered": 0.0, "percent_statements_covered_display": "0"}, "missing_lines": [41, 42, 43], "excluded_lines": [], "start_line": 24}, "ProductUpdate": {"executed_lines": [], "summary": {"covered_lines": 0, "num_statements": 0, "percent_covered": 100.0, "percent_covered_display": "100", "missing_lines": 0, "excluded_lines": 0, "percent_statements_covered": 100.0, "percent_statements_covered_display": "100"}, "missing_lines": [], "excluded_lines": [], "start_line": 46}, "ProductResponse": {"executed_lines": [], "summary": {"covered_lines": 0, "num_statements": 0, "percent_covered": 100.0, "percent_covered_display": "100", "missing_lines": 0, "excluded_lines": 0, "percent_statements_covered": 100.0, "percent_statements_covered_display": "100"}, "missing_lines": [], "excluded_lines": [], "start_line": 57}, "ProductResponse.Config": {"executed_lines": [], "summary": {"covered_lines": 0, "num_statements": 0, "percent_covered": 100.0, "percent_covered_display": "100", "missing_lines": 0, "excluded_lines": 0, "percent_statements_covered": 100.0, "percent_statements_covered_display": "100"}, "missing_lines": [], "excluded_lines": [], "start_line": 72}, "StockAdjustRequest": {"executed_lines": [], "summary": {"covered_lines": 0, "num_statements": 0, "percent_covered": 100.0, "percent_covered_display": "100", "missing_lines": 0, "excluded_lines": 0, "percent_statements_covered": 100.0, "percent_statements_covered_display": "100"}, "missing_lines": [], "excluded_lines": [], "start_line": 76}, "": {"executed_lines": [], "summary": {"covered_lines": 0, "num_statements": 61, "percent_covered": 0.0, "percent_covered_display": "0", "missing_lines": 61, "excluded_lines": 0, "percent_statements_covered": 0.0, "percent_statements_covered_display": "0"}, "missing_lines": [1, 2, 3, 6, 7, 8, 9, 10, 13, 14, 15, 16, 17, 18, 20, 21, 24, 25, 26, 27, 28, 29, 30, 31, 32, 33, 34, 35, 36, 38, 39, 40, 46, 47, 48, 49, 50, 51, 52, 53, 54, 57, 58, 59, 60, 61, 62, 63, 64, 65, 66, 67, 68, 69, 70, 72, 73, 76, 77, 78, 79], "excluded_lines": [], "start_line": 1}}}, "apps\\catalog\\service.py": {"executed_lines": [1, 3, 4, 5, 6, 7, 9, 10, 11, 13, 21, 22, 28, 29, 32, 43, 44, 45, 47, 50, 71, 74, 89, 98, 106, 107, 215, 282, 320, 338, 364, 365, 392, 393, 409, 410, 427, 428, 522, 523, 524, 525, 526, 527, 528, 529, 531, 532, 534, 545, 546, 547, 548, 549, 551, 553, 555, 558, 559, 561, 570, 571, 572, 574, 575, 577, 578, 581, 582, 585, 586, 597, 600, 602, 603, 614, 626, 636, 638, 641, 663, 664, 676, 679, 682, 683, 684, 691, 692, 693, 694, 695, 699, 700, 701, 703, 704, 705], "summary": {"covered_lines": 98, "num_statements": 325, "percent_covered": 30.153846153846153, "percent_covered_display": "30", "missing_lines": 227, "excluded_lines": 0, "percent_statements_covered": 30.153846153846153, "percent_statements_covered_display": "30"}, "missing_lines": [51, 53, 54, 55, 56, 57, 58, 59, 60, 61, 62, 63, 64, 65, 66, 67, 69, 80, 81, 82, 84, 85, 86, 87, 109, 110, 111, 112, 113, 114, 115, 116, 117, 118, 126, 128, 129, 130, 132, 133, 134, 135, 136, 139, 140, 145, 146, 147, 148, 149, 150, 151, 152, 153, 154, 155, 165, 167, 181, 182, 183, 192, 193, 194, 195, 203, 205, 206, 207, 209, 210, 211, 213, 231, 234, 235, 236, 242, 243, 245, 246, 247, 248, 249, 250, 251, 252, 253, 255, 256, 257, 258, 260, 261, 262, 270, 273, 274, 275, 276, 278, 280, 285, 286, 292, 293, 294, 295, 301, 302, 323, 324, 326, 329, 330, 331, 332, 334, 336, 341, 347, 348, 349, 356, 358, 359, 360, 361, 362, 369, 370, 371, 373, 374, 378, 379, 380, 382, 385, 386, 387, 388, 389, 390, 400, 401, 402, 403, 404, 405, 406, 407, 418, 419, 420, 421, 422, 423, 424, 425, 429, 430, 432, 439, 440, 441, 443, 444, 445, 453, 454, 455, 456, 457, 458, 460, 461, 462, 463, 469, 474, 475, 482, 484, 485, 493, 495, 496, 504, 506, 507, 510, 518, 519, 520, 550, 552, 560, 568, 573, 576, 579, 580, 583, 584, 601, 606, 607, 608, 609, 610, 611, 612, 647, 648, 649, 650, 651, 652, 654, 661, 671, 672, 673, 674, 696, 697], "excluded_lines": [], "functions": {"CatalogResolutionService.__init__": {"executed_lines": [45], "summary": {"covered_lines": 1, "num_statements": 1, "percent_covered": 100.0, "percent_covered_display": "100", "missing_lines": 0, "excluded_lines": 0, "percent_statements_covered": 100.0, "percent_statements_covered_display": "100"}, "missing_lines": [], "excluded_lines": [], "start_line": 44}, "CatalogResolutionService.resolve_product_by_barcode": {"executed_lines": [50], "summary": {"covered_lines": 1, "num_statements": 18, "percent_covered": 5.555555555555555, "percent_covered_display": "6", "missing_lines": 17, "excluded_lines": 0, "percent_statements_covered": 5.555555555555555, "percent_statements_covered_display": "6"}, "missing_lines": [51, 53, 54, 55, 56, 57, 58, 59, 60, 61, 62, 63, 64, 65, 66, 67, 69], "excluded_lines": [], "start_line": 47}, "CatalogResolutionService.get_or_create_catalog_source": {"executed_lines": [74], "summary": {"covered_lines": 1, "num_statements": 8, "percent_covered": 12.5, "percent_covered_display": "12", "missing_lines": 7, "excluded_lines": 0, "percent_statements_covered": 12.5, "percent_statements_covered_display": "12"}, "missing_lines": [80, 81, 82, 84, 85, 86, 87], "excluded_lines": [], "start_line": 71}, "CatalogResolutionService.import_csv_catalog": {"executed_lines": [98, 106, 107], "summary": {"covered_lines": 3, "num_statements": 52, "percent_covered": 5.769230769230769, "percent_covered_display": "6", "missing_lines": 49, "excluded_lines": 0, "percent_statements_covered": 5.769230769230769, "percent_statements_covered_display": "6"}, "missing_lines": [109, 110, 111, 112, 113, 114, 115, 116, 117, 118, 126, 128, 129, 130, 132, 133, 134, 135, 136, 139, 140, 145, 146, 147, 148, 149, 150, 151, 152, 153, 154, 155, 165, 167, 181, 182, 183, 192, 193, 194, 195, 203, 205, 206, 207, 209, 210, 211, 213], "excluded_lines": [], "start_line": 89}, "CatalogResolutionService.upsert_api_integration": {"executed_lines": [], "summary": {"covered_lines": 0, "num_statements": 29, "percent_covered": 0.0, "percent_covered_display": "0", "missing_lines": 29, "excluded_lines": 0, "percent_statements_covered": 0.0, "percent_statements_covered_display": "0"}, "missing_lines": [231, 234, 235, 236, 242, 243, 245, 246, 247, 248, 249, 250, 251, 252, 253, 255, 256, 257, 258, 260, 261, 262, 270, 273, 274, 275, 276, 278, 280], "excluded_lines": [], "start_line": 215}, "CatalogResolutionService.get_catalog_configuration": {"executed_lines": [], "summary": {"covered_lines": 0, "num_statements": 8, "percent_covered": 0.0, "percent_covered_display": "0", "missing_lines": 8, "excluded_lines": 0, "percent_statements_covered": 0.0, "percent_statements_covered_display": "0"}, "missing_lines": [285, 286, 292, 293, 294, 295, 301, 302], "excluded_lines": [], "start_line": 282}, "CatalogResolutionService.update_catalog_mode": {"executed_lines": [], "summary": {"covered_lines": 0, "num_statements": 9, "percent_covered": 0.0, "percent_covered_display": "0", "missing_lines": 9, "excluded_lines": 0, "percent_statements_covered": 0.0, "percent_statements_covered_display": "0"}, "missing_lines": [323, 324, 326, 329, 330, 331, 332, 334, 336], "excluded_lines": [], "start_line": 320}, "CatalogResolutionService._upsert_credential": {"executed_lines": [], "summary": {"covered_lines": 0, "num_statements": 10, "percent_covered": 0.0, "percent_covered_display": "0", "missing_lines": 10, "excluded_lines": 0, "percent_statements_covered": 0.0, "percent_statements_covered_display": "0"}, "missing_lines": [341, 347, 348, 349, 356, 358, 359, 360, 361, 362], "excluded_lines": [], "start_line": 338}, "CatalogResolutionService._get_catalog_source": {"executed_lines": [365], "summary": {"covered_lines": 1, "num_statements": 16, "percent_covered": 6.25, "percent_covered_display": "6", "missing_lines": 15, "excluded_lines": 0, "percent_statements_covered": 6.25, "percent_statements_covered_display": "6"}, "missing_lines": [369, 370, 371, 373, 374, 378, 379, 380, 382, 385, 386, 387, 388, 389, 390], "excluded_lines": [], "start_line": 364}, "CatalogResolutionService._resolve_internal_product": {"executed_lines": [393], "summary": {"covered_lines": 1, "num_statements": 9, "percent_covered": 11.11111111111111, "percent_covered_display": "11", "missing_lines": 8, "excluded_lines": 0, "percent_statements_covered": 11.11111111111111, "percent_statements_covered_display": "11"}, "missing_lines": [400, 401, 402, 403, 404, 405, 406, 407], "excluded_lines": [], "start_line": 392}, "CatalogResolutionService._resolve_csv_product": {"executed_lines": [410], "summary": {"covered_lines": 1, "num_statements": 9, "percent_covered": 11.11111111111111, "percent_covered_display": "11", "missing_lines": 8, "excluded_lines": 0, "percent_statements_covered": 11.11111111111111, "percent_statements_covered_display": "11"}, "missing_lines": [418, 419, 420, 421, 422, 423, 424, 425], "excluded_lines": [], "start_line": 409}, "CatalogResolutionService._resolve_external_product": {"executed_lines": [428], "summary": {"covered_lines": 1, "num_statements": 36, "percent_covered": 2.7777777777777777, "percent_covered_display": "3", "missing_lines": 35, "excluded_lines": 0, "percent_statements_covered": 2.7777777777777777, "percent_statements_covered_display": "3"}, "missing_lines": [429, 430, 432, 439, 440, 441, 443, 444, 445, 453, 454, 455, 456, 457, 458, 460, 461, 462, 463, 469, 474, 475, 482, 484, 485, 493, 495, 496, 504, 506, 507, 510, 518, 519, 520], "excluded_lines": [], "start_line": 427}, "CatalogResolutionService._normalize_external_payload": {"executed_lines": [523, 534, 545, 546, 547, 548, 549, 551, 553], "summary": {"covered_lines": 9, "num_statements": 11, "percent_covered": 81.81818181818181, "percent_covered_display": "82", "missing_lines": 2, "excluded_lines": 0, "percent_statements_covered": 81.81818181818181, "percent_statements_covered_display": "82"}, "missing_lines": [550, 552], "excluded_lines": [], "start_line": 522}, "CatalogResolutionService._normalize_external_payload.read": {"executed_lines": [524, 525, 526, 527, 528, 529, 531, 532], "summary": {"covered_lines": 8, "num_statements": 8, "percent_covered": 100.0, "percent_covered_display": "100", "missing_lines": 0, "excluded_lines": 0, "percent_statements_covered": 100.0, "percent_statements_covered_display": "100"}, "missing_lines": [], "excluded_lines": [], "start_line": 523}, "CatalogResolutionService._find_existing_import_product": {"executed_lines": [558, 559, 561], "summary": {"covered_lines": 3, "num_statements": 5, "percent_covered": 60.0, "percent_covered_display": "60", "missing_lines": 2, "excluded_lines": 0, "percent_statements_covered": 60.0, "percent_statements_covered_display": "60"}, "missing_lines": [560, 568], "excluded_lines": [], "start_line": 555}, "CatalogResolutionService._normalize_import_row": {"executed_lines": [571, 572, 574, 575, 577, 578, 581, 582, 585, 586], "summary": {"covered_lines": 10, "num_statements": 16, "percent_covered": 62.5, "percent_covered_display": "62", "missing_lines": 6, "excluded_lines": 0, "percent_statements_covered": 62.5, "percent_statements_covered_display": "62"}, "missing_lines": [573, 576, 579, 580, 583, 584], "excluded_lines": [], "start_line": 570}, "CatalogResolutionService._get_or_create_category": {"executed_lines": [600, 602, 603], "summary": {"covered_lines": 3, "num_statements": 11, "percent_covered": 27.272727272727273, "percent_covered_display": "27", "missing_lines": 8, "excluded_lines": 0, "percent_statements_covered": 27.272727272727273, "percent_statements_covered_display": "27"}, "missing_lines": [601, 606, 607, 608, 609, 610, 611, 612], "excluded_lines": [], "start_line": 597}, "CatalogResolutionService._create_api_log": {"executed_lines": [626, 636], "summary": {"covered_lines": 2, "num_statements": 2, "percent_covered": 100.0, "percent_covered_display": "100", "missing_lines": 0, "excluded_lines": 0, "percent_statements_covered": 100.0, "percent_statements_covered_display": "100"}, "missing_lines": [], "excluded_lines": [], "start_line": 614}, "CatalogResolutionService._cache_external_product": {"executed_lines": [641], "summary": {"covered_lines": 1, "num_statements": 9, "percent_covered": 11.11111111111111, "percent_covered_display": "11", "missing_lines": 8, "excluded_lines": 0, "percent_statements_covered": 11.11111111111111, "percent_statements_covered_display": "11"}, "missing_lines": [647, 648, 649, 650, 651, 652, 654, 661], "excluded_lines": [], "start_line": 638}, "CatalogResolutionService._get_cached_external_product": {"executed_lines": [664], "summary": {"covered_lines": 1, "num_statements": 5, "percent_covered": 20.0, "percent_covered_display": "20", "missing_lines": 4, "excluded_lines": 0, "percent_statements_covered": 20.0, "percent_statements_covered_display": "20"}, "missing_lines": [671, 672, 673, 674], "excluded_lines": [], "start_line": 663}, "CatalogResolutionService._log_external_failure": {"executed_lines": [679, 682, 683, 684], "summary": {"covered_lines": 4, "num_statements": 4, "percent_covered": 100.0, "percent_covered_display": "100", "missing_lines": 0, "excluded_lines": 0, "percent_statements_covered": 100.0, "percent_statements_covered_display": "100"}, "missing_lines": [], "excluded_lines": [], "start_line": 676}, "CatalogResolutionService._safe_json": {"executed_lines": [693, 694, 695], "summary": {"covered_lines": 3, "num_statements": 5, "percent_covered": 60.0, "percent_covered_display": "60", "missing_lines": 2, "excluded_lines": 0, "percent_statements_covered": 60.0, "percent_statements_covered_display": "60"}, "missing_lines": [696, 697], "excluded_lines": [], "start_line": 692}, "CatalogResolutionService._duration_ms": {"executed_lines": [701], "summary": {"covered_lines": 1, "num_statements": 1, "percent_covered": 100.0, "percent_covered_display": "100", "missing_lines": 0, "excluded_lines": 0, "percent_statements_covered": 100.0, "percent_statements_covered_display": "100"}, "missing_lines": [], "excluded_lines": [], "start_line": 700}, "CatalogResolutionService._serialize_product": {"executed_lines": [705], "summary": {"covered_lines": 1, "num_statements": 1, "percent_covered": 100.0, "percent_covered_display": "100", "missing_lines": 0, "excluded_lines": 0, "percent_statements_covered": 100.0, "percent_statements_covered_display": "100"}, "missing_lines": [], "excluded_lines": [], "start_line": 704}, "": {"executed_lines": [1, 3, 4, 5, 6, 7, 9, 10, 11, 13, 21, 22, 28, 29, 32, 43, 44, 47, 71, 89, 215, 282, 320, 338, 364, 392, 409, 427, 522, 555, 570, 597, 614, 638, 663, 676, 691, 692, 699, 700, 703, 704], "summary": {"covered_lines": 42, "num_statements": 42, "percent_covered": 100.0, "percent_covered_display": "100", "missing_lines": 0, "excluded_lines": 0, "percent_statements_covered": 100.0, "percent_statements_covered_display": "100"}, "missing_lines": [], "excluded_lines": [], "start_line": 1}}, "classes": {"CatalogResolutionService": {"executed_lines": [45, 50, 74, 98, 106, 107, 365, 393, 410, 428, 523, 524, 525, 526, 527, 528, 529, 531, 532, 534, 545, 546, 547, 548, 549, 551, 553, 558, 559, 561, 571, 572, 574, 575, 577, 578, 581, 582, 585, 586, 600, 602, 603, 626, 636, 641, 664, 679, 682, 683, 684, 693, 694, 695, 701, 705], "summary": {"covered_lines": 56, "num_statements": 283, "percent_covered": 19.78798586572438, "percent_covered_display": "20", "missing_lines": 227, "excluded_lines": 0, "percent_statements_covered": 19.78798586572438, "percent_statements_covered_display": "20"}, "missing_lines": [51, 53, 54, 55, 56, 57, 58, 59, 60, 61, 62, 63, 64, 65, 66, 67, 69, 80, 81, 82, 84, 85, 86, 87, 109, 110, 111, 112, 113, 114, 115, 116, 117, 118, 126, 128, 129, 130, 132, 133, 134, 135, 136, 139, 140, 145, 146, 147, 148, 149, 150, 151, 152, 153, 154, 155, 165, 167, 181, 182, 183, 192, 193, 194, 195, 203, 205, 206, 207, 209, 210, 211, 213, 231, 234, 235, 236, 242, 243, 245, 246, 247, 248, 249, 250, 251, 252, 253, 255, 256, 257, 258, 260, 261, 262, 270, 273, 274, 275, 276, 278, 280, 285, 286, 292, 293, 294, 295, 301, 302, 323, 324, 326, 329, 330, 331, 332, 334, 336, 341, 347, 348, 349, 356, 358, 359, 360, 361, 362, 369, 370, 371, 373, 374, 378, 379, 380, 382, 385, 386, 387, 388, 389, 390, 400, 401, 402, 403, 404, 405, 406, 407, 418, 419, 420, 421, 422, 423, 424, 425, 429, 430, 432, 439, 440, 441, 443, 444, 445, 453, 454, 455, 456, 457, 458, 460, 461, 462, 463, 469, 474, 475, 482, 484, 485, 493, 495, 496, 504, 506, 507, 510, 518, 519, 520, 550, 552, 560, 568, 573, 576, 579, 580, 583, 584, 601, 606, 607, 608, 609, 610, 611, 612, 647, 648, 649, 650, 651, 652, 654, 661, 671, 672, 673, 674, 696, 697], "excluded_lines": [], "start_line": 43}, "": {"executed_lines": [1, 3, 4, 5, 6, 7, 9, 10, 11, 13, 21, 22, 28, 29, 32, 43, 44, 47, 71, 89, 215, 282, 320, 338, 364, 392, 409, 427, 522, 555, 570, 597, 614, 638, 663, 676, 691, 692, 699, 700, 703, 704], "summary": {"covered_lines": 42, "num_statements": 42, "percent_covered": 100.0, "percent_covered_display": "100", "missing_lines": 0, "excluded_lines": 0, "percent_statements_covered": 100.0, "percent_statements_covered_display": "100"}, "missing_lines": [], "excluded_lines": [], "start_line": 1}}}, "apps\\companies\\__init__.py": {"executed_lines": [], "summary": {"covered_lines": 0, "num_statements": 0, "percent_covered": 100.0, "percent_covered_display": "100", "missing_lines": 0, "excluded_lines": 0, "percent_statements_covered": 100.0, "percent_statements_covered_display": "100"}, "missing_lines": [], "excluded_lines": [], "functions": {"": {"executed_lines": [], "summary": {"covered_lines": 0, "num_statements": 0, "percent_covered": 100.0, "percent_covered_display": "100", "missing_lines": 0, "excluded_lines": 0, "percent_statements_covered": 100.0, "percent_statements_covered_display": "100"}, "missing_lines": [], "excluded_lines": [], "start_line": 1}}, "classes": {"": {"executed_lines": [], "summary": {"covered_lines": 0, "num_statements": 0, "percent_covered": 100.0, "percent_covered_display": "100", "missing_lines": 0, "excluded_lines": 0, "percent_statements_covered": 100.0, "percent_statements_covered_display": "100"}, "missing_lines": [], "excluded_lines": [], "start_line": 1}}}, "apps\\companies\\models.py": {"executed_lines": [5, 6, 7, 8, 10, 14, 15, 17, 20, 21, 23, 26, 27, 28, 33, 34, 35, 36, 37, 38, 39, 41, 42, 44, 45, 47, 50, 51, 54, 58, 62, 63, 65, 68, 76, 80, 84, 88, 89, 90, 91, 92, 93, 96, 102, 103, 107, 108, 110, 113, 114, 115, 119, 120, 121, 122, 123, 124, 129, 130, 132, 135, 138, 141, 142, 146, 147, 148, 149, 150, 151, 152, 155, 156, 158, 161, 164, 167, 168, 169, 173, 174, 175, 178, 179, 181, 184, 187, 188, 189, 190, 194, 198, 202, 203, 204, 205, 210, 211, 213, 216, 219, 220, 221, 222, 223, 228, 229, 231, 234, 237, 240, 243, 244, 245, 246, 250, 251, 255, 262], "summary": {"covered_lines": 120, "num_statements": 122, "percent_covered": 98.36065573770492, "percent_covered_display": "98", "missing_lines": 2, "excluded_lines": 0, "percent_statements_covered": 98.36065573770492, "percent_statements_covered_display": "98"}, "missing_lines": [59, 104], "excluded_lines": [], "functions": {"Company.__repr__": {"executed_lines": [], "summary": {"covered_lines": 0, "num_statements": 1, "percent_covered": 0.0, "percent_covered_display": "0", "missing_lines": 1, "excluded_lines": 0, "percent_statements_covered": 0.0, "percent_statements_covered_display": "0"}, "missing_lines": [59], "excluded_lines": [], "start_line": 58}, "Subscription.is_active": {"executed_lines": [], "summary": {"covered_lines": 0, "num_statements": 1, "percent_covered": 0.0, "percent_covered_display": "0", "missing_lines": 1, "excluded_lines": 0, "percent_statements_covered": 0.0, "percent_statements_covered_display": "0"}, "missing_lines": [104], "excluded_lines": [], "start_line": 103}, "": {"executed_lines": [5, 6, 7, 8, 10, 14, 15, 17, 20, 21, 23, 26, 27, 28, 33, 34, 35, 36, 37, 38, 39, 41, 42, 44, 45, 47, 50, 51, 54, 58, 62, 63, 65, 68, 76, 80, 84, 88, 89, 90, 91, 92, 93, 96, 102, 103, 107, 108, 110, 113, 114, 115, 119, 120, 121, 122, 123, 124, 129, 130, 132, 135, 138, 141, 142, 146, 147, 148, 149, 150, 151, 152, 155, 156, 158, 161, 164, 167, 168, 169, 173, 174, 175, 178, 179, 181, 184, 187, 188, 189, 190, 194, 198, 202, 203, 204, 205, 210, 211, 213, 216, 219, 220, 221, 222, 223, 228, 229, 231, 234, 237, 240, 243, 244, 245, 246, 250, 251, 255, 262], "summary": {"covered_lines": 120, "num_statements": 120, "percent_covered": 100.0, "percent_covered_display": "100", "missing_lines": 0, "excluded_lines": 0, "percent_statements_covered": 100.0, "percent_statements_covered_display": "100"}, "missing_lines": [], "excluded_lines": [], "start_line": 1}}, "classes": {"Company": {"executed_lines": [], "summary": {"covered_lines": 0, "num_statements": 1, "percent_covered": 0.0, "percent_covered_display": "0", "missing_lines": 1, "excluded_lines": 0, "percent_statements_covered": 0.0, "percent_statements_covered_display": "0"}, "missing_lines": [59], "excluded_lines": [], "start_line": 20}, "Subscription": {"executed_lines": [], "summary": {"covered_lines": 0, "num_statements": 1, "percent_covered": 0.0, "percent_covered_display": "0", "missing_lines": 1, "excluded_lines": 0, "percent_statements_covered": 0.0, "percent_statements_covered_display": "0"}, "missing_lines": [104], "excluded_lines": [], "start_line": 62}, "Plan": {"executed_lines": [], "summary": {"covered_lines": 0, "num_statements": 0, "percent_covered": 100.0, "percent_covered_display": "100", "missing_lines": 0, "excluded_lines": 0, "percent_statements_covered": 100.0, "percent_statements_covered_display": "100"}, "missing_lines": [], "excluded_lines": [], "start_line": 107}, "SubscriptionInvoice": {"executed_lines": [], "summary": {"covered_lines": 0, "num_statements": 0, "percent_covered": 100.0, "percent_covered_display": "100", "missing_lines": 0, "excluded_lines": 0, "percent_statements_covered": 100.0, "percent_statements_covered_display": "100"}, "missing_lines": [], "excluded_lines": [], "start_line": 129}, "SubscriptionRenewal": {"executed_lines": [], "summary": {"covered_lines": 0, "num_statements": 0, "percent_covered": 100.0, "percent_covered_display": "100", "missing_lines": 0, "excluded_lines": 0, "percent_statements_covered": 100.0, "percent_statements_covered_display": "100"}, "missing_lines": [], "excluded_lines": [], "start_line": 155}, "CompanySetting": {"executed_lines": [], "summary": {"covered_lines": 0, "num_statements": 0, "percent_covered": 100.0, "percent_covered_display": "100", "missing_lines": 0, "excluded_lines": 0, "percent_statements_covered": 100.0, "percent_statements_covered_display": "100"}, "missing_lines": [], "excluded_lines": [], "start_line": 178}, "FeatureFlag": {"executed_lines": [], "summary": {"covered_lines": 0, "num_statements": 0, "percent_covered": 100.0, "percent_covered_display": "100", "missing_lines": 0, "excluded_lines": 0, "percent_statements_covered": 100.0, "percent_statements_covered_display": "100"}, "missing_lines": [], "excluded_lines": [], "start_line": 210}, "Commission": {"executed_lines": [], "summary": {"covered_lines": 0, "num_statements": 0, "percent_covered": 100.0, "percent_covered_display": "100", "missing_lines": 0, "excluded_lines": 0, "percent_statements_covered": 100.0, "percent_statements_covered_display": "100"}, "missing_lines": [], "excluded_lines": [], "start_line": 228}, "": {"executed_lines": [5, 6, 7, 8, 10, 14, 15, 17, 20, 21, 23, 26, 27, 28, 33, 34, 35, 36, 37, 38, 39, 41, 42, 44, 45, 47, 50, 51, 54, 58, 62, 63, 65, 68, 76, 80, 84, 88, 89, 90, 91, 92, 93, 96, 102, 103, 107, 108, 110, 113, 114, 115, 119, 120, 121, 122, 123, 124, 129, 130, 132, 135, 138, 141, 142, 146, 147, 148, 149, 150, 151, 152, 155, 156, 158, 161, 164, 167, 168, 169, 173, 174, 175, 178, 179, 181, 184, 187, 188, 189, 190, 194, 198, 202, 203, 204, 205, 210, 211, 213, 216, 219, 220, 221, 222, 223, 228, 229, 231, 234, 237, 240, 243, 244, 245, 246, 250, 251, 255, 262], "summary": {"covered_lines": 120, "num_statements": 120, "percent_covered": 100.0, "percent_covered_display": "100", "missing_lines": 0, "excluded_lines": 0, "percent_statements_covered": 100.0, "percent_statements_covered_display": "100"}, "missing_lines": [], "excluded_lines": [], "start_line": 1}}}, "apps\\companies\\router.py": {"executed_lines": [1, 2, 3, 5, 6, 7, 8, 10, 11, 12, 13, 14, 20, 22, 23, 24, 25, 27, 33, 36, 37, 38, 39, 40, 41, 42, 45, 46, 47, 48, 49, 50, 53, 54, 55, 56, 57, 58, 59, 60, 61, 64, 65, 66, 67, 68, 69, 70, 71, 72, 73, 74, 75, 78, 79, 80, 81, 84, 85, 88, 89, 126, 127, 155, 156, 177, 178, 188, 189, 231, 232, 237, 256, 257, 263, 286, 287, 309, 310, 328, 329, 335, 336, 344, 345, 350, 372, 373, 378, 399, 400, 439, 440], "summary": {"covered_lines": 93, "num_statements": 176, "percent_covered": 52.84090909090909, "percent_covered_display": "53", "missing_lines": 83, "excluded_lines": 0, "percent_statements_covered": 52.84090909090909, "percent_statements_covered_display": "53"}, "missing_lines": [28, 29, 30, 94, 95, 96, 97, 99, 103, 104, 106, 111, 113, 115, 123, 132, 135, 136, 137, 138, 139, 141, 162, 165, 166, 167, 168, 169, 171, 172, 174, 184, 185, 195, 196, 197, 199, 200, 201, 202, 203, 217, 223, 224, 242, 243, 269, 270, 271, 277, 278, 280, 281, 283, 291, 292, 293, 315, 316, 317, 337, 355, 356, 383, 384, 405, 406, 407, 408, 410, 412, 417, 418, 422, 423, 425, 446, 447, 448, 449, 451, 452, 454], "excluded_lines": [], "functions": {"create_company": {"executed_lines": [], "summary": {"covered_lines": 0, "num_statements": 12, "percent_covered": 0.0, "percent_covered_display": "0", "missing_lines": 12, "excluded_lines": 0, "percent_statements_covered": 0.0, "percent_statements_covered_display": "0"}, "missing_lines": [94, 95, 96, 97, 99, 103, 104, 106, 111, 113, 115, 123], "excluded_lines": [], "start_line": 89}, "get_my_company_settings": {"executed_lines": [], "summary": {"covered_lines": 0, "num_statements": 7, "percent_covered": 0.0, "percent_covered_display": "0", "missing_lines": 7, "excluded_lines": 0, "percent_statements_covered": 0.0, "percent_statements_covered_display": "0"}, "missing_lines": [132, 135, 136, 137, 138, 139, 141], "excluded_lines": [], "start_line": 127}, "update_my_company_settings": {"executed_lines": [], "summary": {"covered_lines": 0, "num_statements": 9, "percent_covered": 0.0, "percent_covered_display": "0", "missing_lines": 9, "excluded_lines": 0, "percent_statements_covered": 0.0, "percent_statements_covered_display": "0"}, "missing_lines": [162, 165, 166, 167, 168, 169, 171, 172, 174], "excluded_lines": [], "start_line": 156}, "get_my_catalog_configuration": {"executed_lines": [], "summary": {"covered_lines": 0, "num_statements": 2, "percent_covered": 0.0, "percent_covered_display": "0", "missing_lines": 2, "excluded_lines": 0, "percent_statements_covered": 0.0, "percent_statements_covered_display": "0"}, "missing_lines": [184, 185], "excluded_lines": [], "start_line": 178}, "update_my_catalog_configuration": {"executed_lines": [], "summary": {"covered_lines": 0, "num_statements": 11, "percent_covered": 0.0, "percent_covered_display": "0", "missing_lines": 11, "excluded_lines": 0, "percent_statements_covered": 0.0, "percent_statements_covered_display": "0"}, "missing_lines": [195, 196, 197, 199, 200, 201, 202, 203, 217, 223, 224], "excluded_lines": [], "start_line": 189}, "get_my_feature_flags": {"executed_lines": [237], "summary": {"covered_lines": 1, "num_statements": 3, "percent_covered": 33.333333333333336, "percent_covered_display": "33", "missing_lines": 2, "excluded_lines": 0, "percent_statements_covered": 33.333333333333336, "percent_statements_covered_display": "33"}, "missing_lines": [242, 243], "excluded_lines": [], "start_line": 232}, "upsert_my_feature_flag": {"executed_lines": [263], "summary": {"covered_lines": 1, "num_statements": 9, "percent_covered": 11.11111111111111, "percent_covered_display": "11", "missing_lines": 8, "excluded_lines": 0, "percent_statements_covered": 11.11111111111111, "percent_statements_covered_display": "11"}, "missing_lines": [269, 270, 271, 277, 278, 280, 281, 283], "excluded_lines": [], "start_line": 257}, "list_plans": {"executed_lines": [], "summary": {"covered_lines": 0, "num_statements": 3, "percent_covered": 0.0, "percent_covered_display": "0", "missing_lines": 3, "excluded_lines": 0, "percent_statements_covered": 0.0, "percent_statements_covered_display": "0"}, "missing_lines": [291, 292, 293], "excluded_lines": [], "start_line": 287}, "get_my_subscription": {"executed_lines": [], "summary": {"covered_lines": 0, "num_statements": 3, "percent_covered": 0.0, "percent_covered_display": "0", "missing_lines": 3, "excluded_lines": 0, "percent_statements_covered": 0.0, "percent_statements_covered_display": "0"}, "missing_lines": [315, 316, 317], "excluded_lines": [], "start_line": 310}, "change_my_subscription": {"executed_lines": [335, 336], "summary": {"covered_lines": 2, "num_statements": 3, "percent_covered": 66.66666666666667, "percent_covered_display": "67", "missing_lines": 1, "excluded_lines": 0, "percent_statements_covered": 66.66666666666667, "percent_statements_covered_display": "67"}, "missing_lines": [337], "excluded_lines": [], "start_line": 329}, "get_my_subscription_invoices": {"executed_lines": [350], "summary": {"covered_lines": 1, "num_statements": 3, "percent_covered": 33.333333333333336, "percent_covered_display": "33", "missing_lines": 2, "excluded_lines": 0, "percent_statements_covered": 33.333333333333336, "percent_statements_covered_display": "33"}, "missing_lines": [355, 356], "excluded_lines": [], "start_line": 345}, "get_my_subscription_renewals": {"executed_lines": [378], "summary": {"covered_lines": 1, "num_statements": 3, "percent_covered": 33.333333333333336, "percent_covered_display": "33", "missing_lines": 2, "excluded_lines": 0, "percent_statements_covered": 33.333333333333336, "percent_statements_covered_display": "33"}, "missing_lines": [383, 384], "excluded_lines": [], "start_line": 373}, "get_company": {"executed_lines": [], "summary": {"covered_lines": 0, "num_statements": 11, "percent_covered": 0.0, "percent_covered_display": "0", "missing_lines": 11, "excluded_lines": 0, "percent_statements_covered": 0.0, "percent_statements_covered_display": "0"}, "missing_lines": [405, 406, 407, 408, 410, 412, 417, 418, 422, 423, 425], "excluded_lines": [], "start_line": 400}, "update_company": {"executed_lines": [], "summary": {"covered_lines": 0, "num_statements": 7, "percent_covered": 0.0, "percent_covered_display": "0", "missing_lines": 7, "excluded_lines": 0, "percent_statements_covered": 0.0, "percent_statements_covered_display": "0"}, "missing_lines": [446, 447, 448, 449, 451, 452, 454], "excluded_lines": [], "start_line": 440}, "": {"executed_lines": [1, 2, 3, 5, 6, 7, 8, 10, 11, 12, 13, 14, 20, 22, 23, 24, 25, 27, 33, 36, 37, 38, 39, 40, 41, 42, 45, 46, 47, 48, 49, 50, 53, 54, 55, 56, 57, 58, 59, 60, 61, 64, 65, 66, 67, 68, 69, 70, 71, 72, 73, 74, 75, 78, 79, 80, 81, 84, 85, 88, 89, 126, 127, 155, 156, 177, 178, 188, 189, 231, 232, 256, 257, 286, 287, 309, 310, 328, 329, 344, 345, 372, 373, 399, 400, 439, 440], "summary": {"covered_lines": 87, "num_statements": 90, "percent_covered": 96.66666666666667, "percent_covered_display": "97", "missing_lines": 3, "excluded_lines": 0, "percent_statements_covered": 96.66666666666667, "percent_statements_covered_display": "97"}, "missing_lines": [28, 29, 30], "excluded_lines": [], "start_line": 1}}, "classes": {"CompanyCreate": {"executed_lines": [], "summary": {"covered_lines": 0, "num_statements": 0, "percent_covered": 100.0, "percent_covered_display": "100", "missing_lines": 0, "excluded_lines": 0, "percent_statements_covered": 100.0, "percent_statements_covered_display": "100"}, "missing_lines": [], "excluded_lines": [], "start_line": 36}, "CompanyUpdate": {"executed_lines": [], "summary": {"covered_lines": 0, "num_statements": 0, "percent_covered": 100.0, "percent_covered_display": "100", "missing_lines": 0, "excluded_lines": 0, "percent_statements_covered": 100.0, "percent_statements_covered_display": "100"}, "missing_lines": [], "excluded_lines": [], "start_line": 45}, "CompanySettingsUpdate": {"executed_lines": [], "summary": {"covered_lines": 0, "num_statements": 0, "percent_covered": 100.0, "percent_covered_display": "100", "missing_lines": 0, "excluded_lines": 0, "percent_statements_covered": 100.0, "percent_statements_covered_display": "100"}, "missing_lines": [], "excluded_lines": [], "start_line": 53}, "CatalogConfigUpdate": {"executed_lines": [], "summary": {"covered_lines": 0, "num_statements": 0, "percent_covered": 100.0, "percent_covered_display": "100", "missing_lines": 0, "excluded_lines": 0, "percent_statements_covered": 100.0, "percent_statements_covered_display": "100"}, "missing_lines": [], "excluded_lines": [], "start_line": 64}, "FeatureFlagUpdate": {"executed_lines": [], "summary": {"covered_lines": 0, "num_statements": 0, "percent_covered": 100.0, "percent_covered_display": "100", "missing_lines": 0, "excluded_lines": 0, "percent_statements_covered": 100.0, "percent_statements_covered_display": "100"}, "missing_lines": [], "excluded_lines": [], "start_line": 78}, "SubscriptionChangeRequest": {"executed_lines": [], "summary": {"covered_lines": 0, "num_statements": 0, "percent_covered": 100.0, "percent_covered_display": "100", "missing_lines": 0, "excluded_lines": 0, "percent_statements_covered": 100.0, "percent_statements_covered_display": "100"}, "missing_lines": [], "excluded_lines": [], "start_line": 84}, "": {"executed_lines": [1, 2, 3, 5, 6, 7, 8, 10, 11, 12, 13, 14, 20, 22, 23, 24, 25, 27, 33, 36, 37, 38, 39, 40, 41, 42, 45, 46, 47, 48, 49, 50, 53, 54, 55, 56, 57, 58, 59, 60, 61, 64, 65, 66, 67, 68, 69, 70, 71, 72, 73, 74, 75, 78, 79, 80, 81, 84, 85, 88, 89, 126, 127, 155, 156, 177, 178, 188, 189, 231, 232, 237, 256, 257, 263, 286, 287, 309, 310, 328, 329, 335, 336, 344, 345, 350, 372, 373, 378, 399, 400, 439, 440], "summary": {"covered_lines": 93, "num_statements": 176, "percent_covered": 52.84090909090909, "percent_covered_display": "53", "missing_lines": 83, "excluded_lines": 0, "percent_statements_covered": 52.84090909090909, "percent_statements_covered_display": "53"}, "missing_lines": [28, 29, 30, 94, 95, 96, 97, 99, 103, 104, 106, 111, 113, 115, 123, 132, 135, 136, 137, 138, 139, 141, 162, 165, 166, 167, 168, 169, 171, 172, 174, 184, 185, 195, 196, 197, 199, 200, 201, 202, 203, 217, 223, 224, 242, 243, 269, 270, 271, 277, 278, 280, 281, 283, 291, 292, 293, 315, 316, 317, 337, 355, 356, 383, 384, 405, 406, 407, 408, 410, 412, 417, 418, 422, 423, 425, 446, 447, 448, 449, 451, 452, 454], "excluded_lines": [], "start_line": 1}}}, "apps\\companies\\schemas.py": {"executed_lines": [], "summary": {"covered_lines": 0, "num_statements": 45, "percent_covered": 0.0, "percent_covered_display": "0", "missing_lines": 45, "excluded_lines": 0, "percent_statements_covered": 0.0, "percent_statements_covered_display": "0"}, "missing_lines": [1, 2, 3, 4, 7, 8, 9, 10, 11, 12, 13, 16, 17, 18, 19, 20, 21, 24, 25, 26, 27, 28, 29, 30, 31, 34, 35, 36, 37, 38, 39, 40, 41, 42, 43, 44, 46, 47, 50, 51, 52, 53, 54, 55, 56], "excluded_lines": [], "functions": {"": {"executed_lines": [], "summary": {"covered_lines": 0, "num_statements": 45, "percent_covered": 0.0, "percent_covered_display": "0", "missing_lines": 45, "excluded_lines": 0, "percent_statements_covered": 0.0, "percent_statements_covered_display": "0"}, "missing_lines": [1, 2, 3, 4, 7, 8, 9, 10, 11, 12, 13, 16, 17, 18, 19, 20, 21, 24, 25, 26, 27, 28, 29, 30, 31, 34, 35, 36, 37, 38, 39, 40, 41, 42, 43, 44, 46, 47, 50, 51, 52, 53, 54, 55, 56], "excluded_lines": [], "start_line": 1}}, "classes": {"CompanyCreate": {"executed_lines": [], "summary": {"covered_lines": 0, "num_statements": 0, "percent_covered": 100.0, "percent_covered_display": "100", "missing_lines": 0, "excluded_lines": 0, "percent_statements_covered": 100.0, "percent_statements_covered_display": "100"}, "missing_lines": [], "excluded_lines": [], "start_line": 7}, "CompanyUpdate": {"executed_lines": [], "summary": {"covered_lines": 0, "num_statements": 0, "percent_covered": 100.0, "percent_covered_display": "100", "missing_lines": 0, "excluded_lines": 0, "percent_statements_covered": 100.0, "percent_statements_covered_display": "100"}, "missing_lines": [], "excluded_lines": [], "start_line": 16}, "CompanySettingsUpdate": {"executed_lines": [], "summary": {"covered_lines": 0, "num_statements": 0, "percent_covered": 100.0, "percent_covered_display": "100", "missing_lines": 0, "excluded_lines": 0, "percent_statements_covered": 100.0, "percent_statements_covered_display": "100"}, "missing_lines": [], "excluded_lines": [], "start_line": 24}, "CompanyResponse": {"executed_lines": [], "summary": {"covered_lines": 0, "num_statements": 0, "percent_covered": 100.0, "percent_covered_display": "100", "missing_lines": 0, "excluded_lines": 0, "percent_statements_covered": 100.0, "percent_statements_covered_display": "100"}, "missing_lines": [], "excluded_lines": [], "start_line": 34}, "CompanyResponse.Config": {"executed_lines": [], "summary": {"covered_lines": 0, "num_statements": 0, "percent_covered": 100.0, "percent_covered_display": "100", "missing_lines": 0, "excluded_lines": 0, "percent_statements_covered": 100.0, "percent_statements_covered_display": "100"}, "missing_lines": [], "excluded_lines": [], "start_line": 46}, "SubscriptionResponse": {"executed_lines": [], "summary": {"covered_lines": 0, "num_statements": 0, "percent_covered": 100.0, "percent_covered_display": "100", "missing_lines": 0, "excluded_lines": 0, "percent_statements_covered": 100.0, "percent_statements_covered_display": "100"}, "missing_lines": [], "excluded_lines": [], "start_line": 50}, "": {"executed_lines": [], "summary": {"covered_lines": 0, "num_statements": 45, "percent_covered": 0.0, "percent_covered_display": "0", "missing_lines": 45, "excluded_lines": 0, "percent_statements_covered": 0.0, "percent_statements_covered_display": "0"}, "missing_lines": [1, 2, 3, 4, 7, 8, 9, 10, 11, 12, 13, 16, 17, 18, 19, 20, 21, 24, 25, 26, 27, 28, 29, 30, 31, 34, 35, 36, 37, 38, 39, 40, 41, 42, 43, 44, 46, 47, 50, 51, 52, 53, 54, 55, 56], "excluded_lines": [], "start_line": 1}}}, "apps\\companies\\service.py": {"executed_lines": [1, 3, 4, 5, 7, 8, 10, 11, 14, 15, 16, 18, 19, 31, 32, 71, 72], "summary": {"covered_lines": 17, "num_statements": 45, "percent_covered": 37.77777777777778, "percent_covered_display": "38", "missing_lines": 28, "excluded_lines": 0, "percent_statements_covered": 37.77777777777778, "percent_statements_covered_display": "38"}, "missing_lines": [22, 23, 24, 26, 27, 28, 29, 33, 34, 35, 36, 38, 39, 40, 41, 42, 43, 44, 45, 47, 55, 57, 58, 68, 69, 75, 76, 77], "excluded_lines": [], "functions": {"SubscriptionService.__init__": {"executed_lines": [16], "summary": {"covered_lines": 1, "num_statements": 1, "percent_covered": 100.0, "percent_covered_display": "100", "missing_lines": 0, "excluded_lines": 0, "percent_statements_covered": 100.0, "percent_statements_covered_display": "100"}, "missing_lines": [], "excluded_lines": [], "start_line": 15}, "SubscriptionService.get_or_create_subscription": {"executed_lines": [19], "summary": {"covered_lines": 1, "num_statements": 8, "percent_covered": 12.5, "percent_covered_display": "12", "missing_lines": 7, "excluded_lines": 0, "percent_statements_covered": 12.5, "percent_statements_covered_display": "12"}, "missing_lines": [22, 23, 24, 26, 27, 28, 29], "excluded_lines": [], "start_line": 18}, "SubscriptionService.change_plan": {"executed_lines": [32], "summary": {"covered_lines": 1, "num_statements": 19, "percent_covered": 5.2631578947368425, "percent_covered_display": "5", "missing_lines": 18, "excluded_lines"
[...]
percent_covered_display": "0", "missing_lines": 29, "excluded_lines": 0, "percent_statements_covered": 0.0, "percent_statements_covered_display": "0"}, "missing_lines": [1, 2, 3, 6, 7, 8, 9, 10, 13, 14, 15, 18, 19, 20, 21, 22, 23, 24, 25, 27, 28, 31, 32, 33, 34, 35, 36, 38, 39], "excluded_lines": [], "start_line": 1}}}, "apps\\support\\service.py": {"executed_lines": [], "summary": {"covered_lines": 0, "num_statements": 35, "percent_covered": 0.0, "percent_covered_display": "0", "missing_lines": 35, "excluded_lines": 0, "percent_statements_covered": 0.0, "percent_statements_covered_display": "0"}, "missing_lines": [1, 3, 4, 5, 7, 8, 11, 12, 13, 15, 24, 31, 32, 34, 39, 40, 41, 43, 44, 49, 50, 51, 52, 54, 61, 67, 68, 69, 71, 72, 73, 74, 75, 76, 77], "excluded_lines": [], "functions": {"SupportService.__init__": {"executed_lines": [], "summary": {"covered_lines": 0, "num_statements": 1, "percent_covered": 0.0, "percent_covered_display": "0", "missing_lines": 1, "excluded_lines": 0, "percent_statements_covered": 0.0, "percent_statements_covered_display": "0"}, "missing_lines": [13], "excluded_lines": [], "start_line": 12}, "SupportService.create_ticket": {"executed_lines": [], "summary": {"covered_lines": 0, "num_statements": 7, "percent_covered": 0.0, "percent_covered_display": "0", "missing_lines": 7, "excluded_lines": 0, "percent_statements_covered": 0.0, "percent_statements_covered_display": "0"}, "missing_lines": [24, 31, 32, 34, 39, 40, 41], "excluded_lines": [], "start_line": 15}, "SupportService.get_ticket": {"executed_lines": [], "summary": {"covered_lines": 0, "num_statements": 5, "percent_covered": 0.0, "percent_covered_display": "0", "missing_lines": 5, "excluded_lines": 0, "percent_statements_covered": 0.0, "percent_statements_covered_display": "0"}, "missing_lines": [44, 49, 50, 51, 52], "excluded_lines": [], "start_line": 43}, "SupportService.add_message": {"executed_lines": [], "summary": {"covered_lines": 0, "num_statements": 4, "percent_covered": 0.0, "percent_covered_display": "0", "missing_lines": 4, "excluded_lines": 0, "percent_statements_covered": 0.0, "percent_statements_covered_display": "0"}, "missing_lines": [61, 67, 68, 69], "excluded_lines": [], "start_line": 54}, "SupportService.close_ticket": {"executed_lines": [], "summary": {"covered_lines": 0, "num_statements": 6, "percent_covered": 0.0, "percent_covered_display": "0", "missing_lines": 6, "excluded_lines": 0, "percent_statements_covered": 0.0, "percent_statements_covered_display": "0"}, "missing_lines": [72, 73, 74, 75, 76, 77], "excluded_lines": [], "start_line": 71}, "": {"executed_lines": [], "summary": {"covered_lines": 0, "num_statements": 12, "percent_covered": 0.0, "percent_covered_display": "0", "missing_lines": 12, "excluded_lines": 0, "percent_statements_covered": 0.0, "percent_statements_covered_display": "0"}, "missing_lines": [1, 3, 4, 5, 7, 8, 11, 12, 15, 43, 54, 71], "excluded_lines": [], "start_line": 1}}, "classes": {"SupportService": {"executed_lines": [], "summary": {"covered_lines": 0, "num_statements": 23, "percent_covered": 0.0, "percent_covered_display": "0", "missing_lines": 23, "excluded_lines": 0, "percent_statements_covered": 0.0, "percent_statements_covered_display": "0"}, "missing_lines": [13, 24, 31, 32, 34, 39, 40, 41, 44, 49, 50, 51, 52, 61, 67, 68, 69, 72, 73, 74, 75, 76, 77], "excluded_lines": [], "start_line": 11}, "": {"executed_lines": [], "summary": {"covered_lines": 0, "num_statements": 12, "percent_covered": 0.0, "percent_covered_display": "0", "missing_lines": 12, "excluded_lines": 0, "percent_statements_covered": 0.0, "percent_statements_covered_display": "0"}, "missing_lines": [1, 3, 4, 5, 7, 8, 11, 12, 15, 43, 54, 71], "excluded_lines": [], "start_line": 1}}}, "apps\\users\\__init__.py": {"executed_lines": [], "summary": {"covered_lines": 0, "num_statements": 0, "percent_covered": 100.0, "percent_covered_display": "100", "missing_lines": 0, "excluded_lines": 0, "percent_statements_covered": 100.0, "percent_statements_covered_display": "100"}, "missing_lines": [], "excluded_lines": [], "functions": {"": {"executed_lines": [], "summary": {"covered_lines": 0, "num_statements": 0, "percent_covered": 100.0, "percent_covered_display": "100", "missing_lines": 0, "excluded_lines": 0, "percent_statements_covered": 100.0, "percent_statements_covered_display": "100"}, "missing_lines": [], "excluded_lines": [], "start_line": 1}}, "classes": {"": {"executed_lines": [], "summary": {"covered_lines": 0, "num_statements": 0, "percent_covered": 100.0, "percent_covered_display": "100", "missing_lines": 0, "excluded_lines": 0, "percent_statements_covered": 100.0, "percent_statements_covered_display": "100"}, "missing_lines": [], "excluded_lines": [], "start_line": 1}}}, "apps\\users\\models.py": {"executed_lines": [5, 6, 7, 9, 13, 14, 16, 17, 20, 21, 23, 27, 28, 29, 30, 31, 32, 33, 34, 35, 40, 43, 46, 50, 51, 52, 54, 58, 59, 60, 64, 67, 70, 74, 78, 85, 86, 91, 92, 93, 96, 97, 99, 102, 105, 106, 107, 108, 109, 113, 116, 117, 119, 122, 125, 126, 127, 130, 134, 136, 137, 146, 147], "summary": {"covered_lines": 63, "num_statements": 66, "percent_covered": 95.45454545454545, "percent_covered_display": "95", "missing_lines": 3, "excluded_lines": 0, "percent_statements_covered": 95.45454545454545, "percent_statements_covered_display": "95"}, "missing_lines": [55, 138, 139], "excluded_lines": [], "functions": {"User.full_name": {"executed_lines": [52], "summary": {"covered_lines": 1, "num_statements": 1, "percent_covered": 100.0, "percent_covered_display": "100", "missing_lines": 0, "excluded_lines": 0, "percent_statements_covered": 100.0, "percent_statements_covered_display": "100"}, "missing_lines": [], "excluded_lines": [], "start_line": 51}, "User.__repr__": {"executed_lines": [], "summary": {"covered_lines": 0, "num_statements": 1, "percent_covered": 0.0, "percent_covered_display": "0", "missing_lines": 1, "excluded_lines": 0, "percent_statements_covered": 0.0, "percent_statements_covered_display": "0"}, "missing_lines": [55], "excluded_lines": [], "start_line": 54}, "RefreshToken.is_valid": {"executed_lines": [], "summary": {"covered_lines": 0, "num_statements": 2, "percent_covered": 0.0, "percent_covered_display": "0", "missing_lines": 2, "excluded_lines": 0, "percent_statements_covered": 0.0, "percent_statements_covered_display": "0"}, "missing_lines": [138, 139], "excluded_lines": [], "start_line": 137}, "": {"executed_lines": [5, 6, 7, 9, 13, 14, 16, 17, 20, 21, 23, 27, 28, 29, 30, 31, 32, 33, 34, 35, 40, 43, 46, 50, 51, 54, 58, 59, 60, 64, 67, 70, 74, 78, 85, 86, 91, 92, 93, 96, 97, 99, 102, 105, 106, 107, 108, 109, 113, 116, 117, 119, 122, 125, 126, 127, 130, 134, 136, 137, 146, 147], "summary": {"covered_lines": 62, "num_statements": 62, "percent_covered": 100.0, "percent_covered_display": "100", "missing_lines": 0, "excluded_lines": 0, "percent_statements_covered": 100.0, "percent_statements_covered_display": "100"}, "missing_lines": [], "excluded_lines": [], "start_line": 1}}, "classes": {"User": {"executed_lines": [52], "summary": {"covered_lines": 1, "num_statements": 2, "percent_covered": 50.0, "percent_covered_display": "50", "missing_lines": 1, "excluded_lines": 0, "percent_statements_covered": 50.0, "percent_statements_covered_display": "50"}, "missing_lines": [55], "excluded_lines": [], "start_line": 20}, "UserCompanyRole": {"executed_lines": [], "summary": {"covered_lines": 0, "num_statements": 0, "percent_covered": 100.0, "percent_covered_display": "100", "missing_lines": 0, "excluded_lines": 0, "percent_statements_covered": 100.0, "percent_statements_covered_display": "100"}, "missing_lines": [], "excluded_lines": [], "start_line": 58}, "OTPCode": {"executed_lines": [], "summary": {"covered_lines": 0, "num_statements": 0, "percent_covered": 100.0, "percent_covered_display": "100", "missing_lines": 0, "excluded_lines": 0, "percent_statements_covered": 100.0, "percent_statements_covered_display": "100"}, "missing_lines": [], "excluded_lines": [], "start_line": 96}, "RefreshToken": {"executed_lines": [], "summary": {"covered_lines": 0, "num_statements": 2, "percent_covered": 0.0, "percent_covered_display": "0", "missing_lines": 2, "excluded_lines": 0, "percent_statements_covered": 0.0, "percent_statements_covered_display": "0"}, "missing_lines": [138, 139], "excluded_lines": [], "start_line": 116}, "": {"executed_lines": [5, 6, 7, 9, 13, 14, 16, 17, 20, 21, 23, 27, 28, 29, 30, 31, 32, 33, 34, 35, 40, 43, 46, 50, 51, 54, 58, 59, 60, 64, 67, 70, 74, 78, 85, 86, 91, 92, 93, 96, 97, 99, 102, 105, 106, 107, 108, 109, 113, 116, 117, 119, 122, 125, 126, 127, 130, 134, 136, 137, 146, 147], "summary": {"covered_lines": 62, "num_statements": 62, "percent_covered": 100.0, "percent_covered_display": "100", "missing_lines": 0, "excluded_lines": 0, "percent_statements_covered": 100.0, "percent_statements_covered_display": "100"}, "missing_lines": [], "excluded_lines": [], "start_line": 1}}}, "apps\\users\\router.py": {"executed_lines": [1, 3, 4, 6, 7, 8, 9, 11, 14, 15, 17, 31, 32, 38, 39, 54, 55, 63, 64, 68, 69, 75, 76, 91, 92, 102, 103], "summary": {"covered_lines": 27, "num_statements": 36, "percent_covered": 75.0, "percent_covered_display": "75", "missing_lines": 9, "excluded_lines": 0, "percent_statements_covered": 75.0, "percent_statements_covered_display": "75"}, "missing_lines": [40, 65, 77, 97, 98, 99, 108, 109, 110], "excluded_lines": [], "functions": {"get_my_profile": {"executed_lines": [17], "summary": {"covered_lines": 1, "num_statements": 1, "percent_covered": 100.0, "percent_covered_display": "100", "missing_lines": 0, "excluded_lines": 0, "percent_statements_covered": 100.0, "percent_statements_covered_display": "100"}, "missing_lines": [], "excluded_lines": [], "start_line": 15}, "update_my_profile": {"executed_lines": [38, 39], "summary": {"covered_lines": 2, "num_statements": 3, "percent_covered": 66.66666666666667, "percent_covered_display": "67", "missing_lines": 1, "excluded_lines": 0, "percent_statements_covered": 66.66666666666667, "percent_statements_covered_display": "67"}, "missing_lines": [40], "excluded_lines": [], "start_line": 32}, "delete_my_account": {"executed_lines": [63, 64], "summary": {"covered_lines": 2, "num_statements": 3, "percent_covered": 66.66666666666667, "percent_covered_display": "67", "missing_lines": 1, "excluded_lines": 0, "percent_statements_covered": 66.66666666666667, "percent_statements_covered_display": "67"}, "missing_lines": [65], "excluded_lines": [], "start_line": 55}, "get_user": {"executed_lines": [75, 76], "summary": {"covered_lines": 2, "num_statements": 3, "percent_covered": 66.66666666666667, "percent_covered_display": "67", "missing_lines": 1, "excluded_lines": 0, "percent_statements_covered": 66.66666666666667, "percent_statements_covered_display": "67"}, "missing_lines": [77], "excluded_lines": [], "start_line": 69}, "deactivate_user": {"executed_lines": [], "summary": {"covered_lines": 0, "num_statements": 3, "percent_covered": 0.0, "percent_covered_display": "0", "missing_lines": 3, "excluded_lines": 0, "percent_statements_covered": 0.0, "percent_statements_covered_display": "0"}, "missing_lines": [97, 98, 99], "excluded_lines": [], "start_line": 92}, "reactivate_user": {"executed_lines": [], "summary": {"covered_lines": 0, "num_statements": 3, "percent_covered": 0.0, "percent_covered_display": "0", "missing_lines": 3, "excluded_lines": 0, "percent_statements_covered": 0.0, "percent_statements_covered_display": "0"}, "missing_lines": [108, 109, 110], "excluded_lines": [], "start_line": 103}, "": {"executed_lines": [1, 3, 4, 6, 7, 8, 9, 11, 14, 15, 31, 32, 54, 55, 68, 69, 91, 92, 102, 103], "summary": {"covered_lines": 20, "num_statements": 20, "percent_covered": 100.0, "percent_covered_display": "100", "missing_lines": 0, "excluded_lines": 0, "percent_statements_covered": 100.0, "percent_statements_covered_display": "100"}, "missing_lines": [], "excluded_lines": [], "start_line": 1}}, "classes": {"": {"executed_lines": [1, 3, 4, 6, 7, 8, 9, 11, 14, 15, 17, 31, 32, 38, 39, 54, 55, 63, 64, 68, 69, 75, 76, 91, 92, 102, 103], "summary": {"covered_lines": 27, "num_statements": 36, "percent_covered": 75.0, "percent_covered_display": "75", "missing_lines": 9, "excluded_lines": 0, "percent_statements_covered": 75.0, "percent_statements_covered_display": "75"}, "missing_lines": [40, 65, 77, 97, 98, 99, 108, 109, 110], "excluded_lines": [], "start_line": 1}}}, "apps\\users\\schemas.py": {"executed_lines": [1, 2, 3, 6, 7, 8, 9, 10, 11, 12, 13, 14, 15, 16, 18, 19, 22, 23, 24, 25, 26, 27, 30, 31, 32, 33, 34, 35, 36, 39, 40, 41, 42, 43, 44, 45, 46], "summary": {"covered_lines": 37, "num_statements": 37, "percent_covered": 100.0, "percent_covered_display": "100", "missing_lines": 0, "excluded_lines": 0, "percent_statements_covered": 100.0, "percent_statements_covered_display": "100"}, "missing_lines": [], "excluded_lines": [], "functions": {"": {"executed_lines": [1, 2, 3, 6, 7, 8, 9, 10, 11, 12, 13, 14, 15, 16, 18, 19, 22, 23, 24, 25, 26, 27, 30, 31, 32, 33, 34, 35, 36, 39, 40, 41, 42, 43, 44, 45, 46], "summary": {"covered_lines": 37, "num_statements": 37, "percent_covered": 100.0, "percent_covered_display": "100", "missing_lines": 0, "excluded_lines": 0, "percent_statements_covered": 100.0, "percent_statements_covered_display": "100"}, "missing_lines": [], "excluded_lines": [], "start_line": 1}}, "classes": {"UserResponse": {"executed_lines": [], "summary": {"covered_lines": 0, "num_statements": 0, "percent_covered": 100.0, "percent_covered_display": "100", "missing_lines": 0, "excluded_lines": 0, "percent_statements_covered": 100.0, "percent_statements_covered_display": "100"}, "missing_lines": [], "excluded_lines": [], "start_line": 6}, "UserResponse.Config": {"executed_lines": [], "summary": {"covered_lines": 0, "num_statements": 0, "percent_covered": 100.0, "percent_covered_display": "100", "missing_lines": 0, "excluded_lines": 0, "percent_statements_covered": 100.0, "percent_statements_covered_display": "100"}, "missing_lines": [], "excluded_lines": [], "start_line": 18}, "UserUpdate": {"executed_lines": [], "summary": {"covered_lines": 0, "num_statements": 0, "percent_covered": 100.0, "percent_covered_display": "100", "missing_lines": 0, "excluded_lines": 0, "percent_statements_covered": 100.0, "percent_statements_covered_display": "100"}, "missing_lines": [], "excluded_lines": [], "start_line": 22}, "StaffInviteRequest": {"executed_lines": [], "summary": {"covered_lines": 0, "num_statements": 0, "percent_covered": 100.0, "percent_covered_display": "100", "missing_lines": 0, "excluded_lines": 0, "percent_statements_covered": 100.0, "percent_statements_covered_display": "100"}, "missing_lines": [], "excluded_lines": [], "start_line": 30}, "StaffRoleResponse": {"executed_lines": [], "summary": {"covered_lines": 0, "num_statements": 0, "percent_covered": 100.0, "percent_covered_display": "100", "missing_lines": 0, "excluded_lines": 0, "percent_statements_covered": 100.0, "percent_statements_covered_display": "100"}, "missing_lines": [], "excluded_lines": [], "start_line": 39}, "": {"executed_lines": [1, 2, 3, 6, 7, 8, 9, 10, 11, 12, 13, 14, 15, 16, 18, 19, 22, 23, 24, 25, 26, 27, 30, 31, 32, 33, 34, 35, 36, 39, 40, 41, 42, 43, 44, 45, 46], "summary": {"covered_lines": 37, "num_statements": 37, "percent_covered": 100.0, "percent_covered_display": "100", "missing_lines": 0, "excluded_lines": 0, "percent_statements_covered": 100.0, "percent_statements_covered_display": "100"}, "missing_lines": [], "excluded_lines": [], "start_line": 1}}}, "apps\\users\\service.py": {"executed_lines": [1, 3, 4, 6, 7, 10, 11, 12, 14, 15, 21, 25, 31, 32, 40, 41, 45], "summary": {"covered_lines": 17, "num_statements": 28, "percent_covered": 60.714285714285715, "percent_covered_display": "61", "missing_lines": 11, "excluded_lines": 0, "percent_statements_covered": 60.714285714285715, "percent_statements_covered_display": "61"}, "missing_lines": [16, 17, 18, 19, 22, 23, 26, 29, 37, 38, 46], "excluded_lines": [], "functions": {"UserService.__init__": {"executed_lines": [12], "summary": {"covered_lines": 1, "num_statements": 1, "percent_covered": 100.0, "percent_covered_display": "100", "missing_lines": 0, "excluded_lines": 0, "percent_statements_covered": 100.0, "percent_statements_covered_display": "100"}, "missing_lines": [], "excluded_lines": [], "start_line": 11}, "UserService.get_by_id": {"executed_lines": [15], "summary": {"covered_lines": 1, "num_statements": 5, "percent_covered": 20.0, "percent_covered_display": "20", "missing_lines": 4, "excluded_lines": 0, "percent_statements_covered": 20.0, "percent_statements_covered_display": "20"}, "missing_lines": [16, 17, 18, 19], "excluded_lines": [], "start_line": 14}, "UserService.get_by_phone": {"executed_lines": [], "summary": {"covered_lines": 0, "num_statements": 2, "percent_covered": 0.0, "percent_covered_display": "0", "missing_lines": 2, "excluded_lines": 0, "percent_statements_covered": 0.0, "percent_statements_covered_display": "0"}, "missing_lines": [22, 23], "excluded_lines": [], "start_line": 21}, "UserService.get_by_email": {"executed_lines": [], "summary": {"covered_lines": 0, "num_statements": 2, "percent_covered": 0.0, "percent_covered_display": "0", "missing_lines": 2, "excluded_lines": 0, "percent_statements_covered": 0.0, "percent_statements_covered_display": "0"}, "missing_lines": [26, 29], "excluded_lines": [], "start_line": 25}, "UserService.update_profile": {"executed_lines": [32], "summary": {"covered_lines": 1, "num_statements": 3, "percent_covered": 33.333333333333336, "percent_covered_display": "33", "missing_lines": 2, "excluded_lines": 0, "percent_statements_covered": 33.333333333333336, "percent_statements_covered_display": "33"}, "missing_lines": [37, 38], "excluded_lines": [], "start_line": 31}, "UserService.deactivate": {"executed_lines": [41], "summary": {"covered_lines": 1, "num_statements": 1, "percent_covered": 100.0, "percent_covered_display": "100", "missing_lines": 0, "excluded_lines": 0, "percent_statements_covered": 100.0, "percent_statements_covered_display": "100"}, "missing_lines": [], "excluded_lines": [], "start_line": 40}, "UserService.reactivate": {"executed_lines": [], "summary": {"covered_lines": 0, "num_statements": 1, "percent_covered": 0.0, "percent_covered_display": "0", "missing_lines": 1, "excluded_lines": 0, "percent_statements_covered": 0.0, "percent_statements_covered_display": "0"}, "missing_lines": [46], "excluded_lines": [], "start_line": 45}, "": {"executed_lines": [1, 3, 4, 6, 7, 10, 11, 14, 21, 25, 31, 40, 45], "summary": {"covered_lines": 13, "num_statements": 13, "percent_covered": 100.0, "percent_covered_display": "100", "missing_lines": 0, "excluded_lines": 0, "percent_statements_covered": 100.0, "percent_statements_covered_display": "100"}, "missing_lines": [], "excluded_lines": [], "start_line": 1}}, "classes": {"UserService": {"executed_lines": [12, 15, 32, 41], "summary": {"covered_lines": 4, "num_statements": 15, "percent_covered": 26.666666666666668, "percent_covered_display": "27", "missing_lines": 11, "excluded_lines": 0, "percent_statements_covered": 26.666666666666668, "percent_statements_covered_display": "27"}, "missing_lines": [16, 17, 18, 19, 22, 23, 26, 29, 37, 38, 46], "excluded_lines": [], "start_line": 10}, "": {"executed_lines": [1, 3, 4, 6, 7, 10, 11, 14, 21, 25, 31, 40, 45], "summary": {"covered_lines": 13, "num_statements": 13, "percent_covered": 100.0, "percent_covered_display": "100", "missing_lines": 0, "excluded_lines": 0, "percent_statements_covered": 100.0, "percent_statements_covered_display": "100"}, "missing_lines": [], "excluded_lines": [], "start_line": 1}}}}, "totals": {"covered_lines": 1896, "num_statements": 3617, "percent_covered": 52.419131877246336, "percent_covered_display": "52", "missing_lines": 1721, "excluded_lines": 0, "percent_statements_covered": 52.419131877246336, "percent_statements_covered_display": "52"}}